Running
Running
Running
Running
Running
Running
Running
Running
Running
Running
Running
Running
Running
Running
Running
Running
Running
Running
Running
Running
Running
Running
Running
Running
Running
Running
Running
Running
Running
Running


Running iteration 88...
--------------------

Time elapsed: 259.9559290409088


Running iteration 81...
--------------------



Running iteration 24...
--------------------



Running iteration 16...
--------------------

Time elapsed: 320.38847064971924
Time elapsed: 326.0122365951538
Time elapsed: 328.2309784889221
Time elapsed: 328.30506563186646


Bootstrap 88 --> 9000: 10 BEECH GARDENS BN14 7HL 2015-10-09 00:00:00: num controls = 1513
Time elapsed: 338.2498314380646
Time elapsed: 342.0211012363434
Time elapsed: 347.4388861656189
Time elapsed: 348.40494775772095
Time elapsed: 348.71331238746643
Time elapsed: 353.6651875972748
Time elapsed: 357.7328476905823
Time elapsed: 357.8204276561737
Time elapsed: 360.9006202220917
Time elapsed: 365.7108597755432
Time elapsed: 369.41073203086853
Time elapsed: 369.4355540275574
Time elapsed: 369.7747311592102
Time elapsed: 373.0847578048706
Time elapsed: 373.59353709220886
Time elapsed: 373.66742634773254
Time elapsed: 374.5820450782776
Time elapsed: 376.0356514453888
Time elapsed: 376.1403968334198
Time elapsed: 376.7154583930969
Time elapsed: 377.3320679664612


Bootstrap 81 --> 9000: 10 BEECH GARDENS BN14 7HL 2015-10-09 00:00:00: num controls = 1542


Bootstrap 24 --> 9000: 10 BEECH GARDENS BN14 7HL 2015-10-09 00:00:00: num controls = 1480


Bootstrap 16 --> 9000: 10 BEECH GARDENS BN14 7HL 2015-10-09 00:00:00: num controls = 1517


Bootstrap 88 --> 16000: 110B SW8 3RZ 2022-10-19 00:00:00: num controls = 104


Bootstrap 88 --> 7000: 1 OAKES HOUSE SN8 2QP 2021-02-26 00:00:00: num controls = 221


Bootstrap 81 --> 16000: 110B SW8 3RZ 2022-10-19 00:00:00: num controls = 101


Bootstrap 81 --> 7000: 1 OAKES HOUSE SN8 2QP 2021-02-26 00:00:00: num controls = 215


Bootstrap 24 --> 16000: 110B SW8 3RZ 2022-10-19 00:00:00: num controls = 119


Bootstrap 88 --> 32000: 17 B14 7NU 2022-01-07 00:00:00: num controls = 120


Bootstrap 16 --> 16000: 110B SW8 3RZ 2022-10-19 00:00:00: num controls = 105


Bootstrap 88 --> 14000: 11 CV5 7NQ 2017-11-13 00:00:00: num controls = 149


Bootstrap 88 --> 23000: 133 CM1 6XH 2015-01-23 00:00:00: num controls = 97


Bootstrap 81 --> 32000: 17 B14 7NU 2022-01-07 00:00:00: num controls = 133


Bootstrap 88 --> 5000: 1 CB5 8UR 2015-11-20 00:00:00: num controls = 50


Bootstrap 24 --> 7000: 1 OAKES HOUSE SN8 2QP 2021-02-26 00:00:00: num controls = 219


Bootstrap 81 --> 14000: 11 CV5 7NQ 2017-11-13 00:00:00: num controls = 129


Bootstrap 16 --> 7000: 1 OAKES HOUSE SN8 2QP 2021-02-26 00:00:00: num controls = 228


Bootstrap 88 --> 30000: 16 GAINSBOROUGH COURT CF64 2LJ 2016-03-30 00:00:00: num controls = 378


Bootstrap 81 --> 23000: 133 CM1 6XH 2015-01-23 00:00:00: num controls = 78


Bootstrap 81 --> 5000: 1 CB5 8UR 2015-11-20 00:00:00: num controls = 64


Bootstrap 88 --> 12000: 103 NW7 3EJ 2016-02-19 00:00:00: num controls = 137


Bootstrap 88 --> 21000: 12A CT9 2PU 2021-01-15 00:00:00: num controls = 73


Bootstrap 81 --> 30000: 16 GAINSBOROUGH COURT CF64 2LJ 2016-03-30 00:00:00: num controls = 361


Bootstrap 88 --> 28000: 15 RH4 2AW 2011-11-23 00:00:00: num controls = 135


Bootstrap 24 --> 32000: 17 B14 7NU 2022-01-07 00:00:00: num controls = 135


Bootstrap 16 --> 32000: 17 B14 7NU 2022-01-07 00:00:00: num controls = 129


Bootstrap 81 --> 12000: 103 NW7 3EJ 2016-02-19 00:00:00: num controls = 133


Bootstrap 24 --> 14000: 11 CV5 7NQ 2017-11-13 00:00:00: num controls = 157


Bootstrap 88 --> 19000: 12 OX14 3XW 2016-11-16 00:00:00: num controls = 252


Bootstrap 16 --> 14000: 11 CV5 7NQ 2017-11-13 00:00:00: num controls = 148


Bootstrap 81 --> 21000: 12A CT9 2PU 2021-01-15 00:00:00: num controls = 55


Bootstrap 88 --> 10000: 10 HP7 0EW 2014-12-05 00:00:00: num controls = 92


Bootstrap 24 --> 23000: 133 CM1 6XH 2015-01-23 00:00:00: num controls = 86


Bootstrap 16 --> 23000: 133 CM1 6XH 2015-01-23 00:00:00: num controls = 105


Bootstrap 24 --> 5000: 1 CB5 8UR 2015-11-20 00:00:00: num controls = 52


Bootstrap 81 --> 28000: 15 RH4 2AW 2011-11-23 00:00:00: num controls = 129


Bootstrap 88 --> 35000: 18 MILTON LODGE TW1 1BU 2017-10-13 00:00:00: num controls = 911


Bootstrap 16 --> 5000: 1 CB5 8UR 2015-11-20 00:00:00: num controls = 57


Bootstrap 81 --> 10000: 10 HP7 0EW 2014-12-05 00:00:00: num controls = 125


Bootstrap 81 --> 19000: 12 OX14 3XW 2016-11-16 00:00:00: num controls = 264


Bootstrap 88 --> 3000: 1 48 W3 6SJ 2009-05-01 00:00:00: num controls = 157


Bootstrap 88 --> 1000: 1 17 BN3 1TH 2015-12-18 00:00:00: num controls = 642


Bootstrap 88 --> 8000: 1 THE ACORNS 114-116 LU2 7PD 2018-06-29 00:00:00: num controls = 120


Bootstrap 24 --> 30000: 16 GAINSBOROUGH COURT CF64 2LJ 2016-03-30 00:00:00: num controls = 335


Bootstrap 16 --> 30000: 16 GAINSBOROUGH COURT CF64 2LJ 2016-03-30 00:00:00: num controls = 385


Bootstrap 88 --> 26000: 143A SE24 0NG 2019-11-15 00:00:00: num controls = 670


Bootstrap 81 --> 35000: 18 MILTON LODGE TW1 1BU 2017-10-13 00:00:00: num controls = 874


Bootstrap 88 --> 33000: 17 PRINCES COURT 78 BH12 1BN 2021-03-26 00:00:00: num controls = 138


Bootstrap 81 --> 1000: 1 17 BN3 1TH 2015-12-18 00:00:00: num controls = 712


Bootstrap 88 --> 17000: 119 N22 7AG 2002-12-03 00:00:00: num controls = 126


Bootstrap 81 --> 3000: 1 48 W3 6SJ 2009-05-01 00:00:00: num controls = 166


Bootstrap 24 --> 12000: 103 NW7 3EJ 2016-02-19 00:00:00: num controls = 153


Bootstrap 81 --> 8000: 1 THE ACORNS 114-116 LU2 7PD 2018-06-29 00:00:00: num controls = 131


Bootstrap 16 --> 12000: 103 NW7 3EJ 2016-02-19 00:00:00: num controls = 129


Bootstrap 81 --> 26000: 143A SE24 0NG 2019-11-15 00:00:00: num controls = 669


Bootstrap 88 --> 6000: 1 GU34 1JD 2017-08-11 00:00:00: num controls = 154


Bootstrap 16 --> 21000: 12A CT9 2PU 2021-01-15 00:00:00: num controls = 78


Bootstrap 24 --> 21000: 12A CT9 2PU 2021-01-15 00:00:00: num controls = 77


Bootstrap 24 --> 28000: 15 RH4 2AW 2011-11-23 00:00:00: num controls = 120


Bootstrap 81 --> 17000: 119 N22 7AG 2002-12-03 00:00:00: num controls = 129


Bootstrap 81 --> 33000: 17 PRINCES COURT 78 BH12 1BN 2021-03-26 00:00:00: num controls = 154


Bootstrap 16 --> 28000: 15 RH4 2AW 2011-11-23 00:00:00: num controls = 137


Bootstrap 88 --> 31000: 16 THE VINERIES BN3 1PY 2019-02-27 00:00:00: num controls = 3411


Bootstrap 81 --> 6000: 1 GU34 1JD 2017-08-11 00:00:00: num controls = 185


Bootstrap 16 --> 19000: 12 OX14 3XW 2016-11-16 00:00:00: num controls = 274


Bootstrap 24 --> 19000: 12 OX14 3XW 2016-11-16 00:00:00: num controls = 262


Bootstrap 24 --> 10000: 10 HP7 0EW 2014-12-05 00:00:00: num controls = 128


Bootstrap 16 --> 10000: 10 HP7 0EW 2014-12-05 00:00:00: num controls = 130


Bootstrap 88 --> 24000: 14 BN12 5JQ 2005-02-21 00:00:00: num controls = 126


Bootstrap 88 --> 22000: 13 LITTLEDOWN COURT 40-42 BH1 1QA 2010-04-26 00:00:00: num controls = 360


Bootstrap 81 --> 31000: 16 THE VINERIES BN3 1PY 2019-02-27 00:00:00: num controls = 3454


Bootstrap 24 --> 35000: 18 MILTON LODGE TW1 1BU 2017-10-13 00:00:00: num controls = 910


Bootstrap 16 --> 35000: 18 MILTON LODGE TW1 1BU 2017-10-13 00:00:00: num controls = 876


Bootstrap 88 --> 20000: 121 CR6 9RH 2018-10-15 00:00:00: num controls = 905


Bootstrap 88 --> 11000: 10 SW19 2EP 2021-11-26 00:00:00: num controls = 2966


Bootstrap 88 --> 29000: 157A BH8 8PB 2016-06-03 00:00:00: num controls = 936


Bootstrap 88 --> 13000: 10A CH45 7PX 2023-03-03 00:00:00: num controls = 159


Bootstrap 24 --> 3000: 1 48 W3 6SJ 2009-05-01 00:00:00: num controls = 150


Bootstrap 81 --> 24000: 14 BN12 5JQ 2005-02-21 00:00:00: num controls = 130


Bootstrap 81 --> 22000: 13 LITTLEDOWN COURT 40-42 BH1 1QA 2010-04-26 00:00:00: num controls = 360


Bootstrap 16 --> 3000: 1 48 W3 6SJ 2009-05-01 00:00:00: num controls = 161


Bootstrap 88 --> 36000: 187 SE8 4BT 2014-05-08 00:00:00: num controls = 143


Bootstrap 24 --> 1000: 1 17 BN3 1TH 2015-12-18 00:00:00: num controls = 651


Bootstrap 24 --> 8000: 1 THE ACORNS 114-116 LU2 7PD 2018-06-29 00:00:00: num controls = 121


Bootstrap 16 --> 1000: 1 17 BN3 1TH 2015-12-18 00:00:00: num controls = 723


Bootstrap 24 --> 26000: 143A SE24 0NG 2019-11-15 00:00:00: num controls = 701


Bootstrap 81 --> 13000: 10A CH45 7PX 2023-03-03 00:00:00: num controls = 134


Bootstrap 81 --> 11000: 10 SW19 2EP 2021-11-26 00:00:00: num controls = 2915


Bootstrap 16 --> 26000: 143A SE24 0NG 2019-11-15 00:00:00: num controls = 715


Bootstrap 81 --> 20000: 121 CR6 9RH 2018-10-15 00:00:00: num controls = 990


Bootstrap 16 --> 8000: 1 THE ACORNS 114-116 LU2 7PD 2018-06-29 00:00:00: num controls = 118


Bootstrap 81 --> 29000: 157A BH8 8PB 2016-06-03 00:00:00: num controls = 925


Bootstrap 24 --> 17000: 119 N22 7AG 2002-12-03 00:00:00: num controls = 121


Bootstrap 24 --> 33000: 17 PRINCES COURT 78 BH12 1BN 2021-03-26 00:00:00: num controls = 160


Bootstrap 16 --> 33000: 17 PRINCES COURT 78 BH12 1BN 2021-03-26 00:00:00: num controls = 145


Bootstrap 88 --> 34000: 17A N14 6LR 2007-08-23 00:00:00: num controls = 101


Bootstrap 81 --> 36000: 187 SE8 4BT 2014-05-08 00:00:00: num controls = 159


Bootstrap 88 --> 27000: 15 CARLTON COURT CB4 2BX 2022-05-13 00:00:00: num controls = 485


Bootstrap 16 --> 17000: 119 N22 7AG 2002-12-03 00:00:00: num controls = 116


Bootstrap 88 --> 43000: 2 74 SW9 9PH 2012-08-31 00:00:00: num controls = 472


Bootstrap 88 --> 18000: 12 CLEVELAND COURT EX1 2JP 2021-11-26 00:00:00: num controls = 467


Bootstrap 88 --> 4000: 1 810 BH7 6DF 2022-05-17 00:00:00: num controls = 562


Bootstrap 88 --> 41000: 2 28 SW17 0QJ 2014-05-23 00:00:00: num controls = 529


Bootstrap 24 --> 6000: 1 GU34 1JD 2017-08-11 00:00:00: num controls = 182


Bootstrap 88 --> 2000: 1 280 SW18 3RG 2018-07-13 00:00:00: num controls = 3205


Bootstrap 16 --> 6000: 1 GU34 1JD 2017-08-11 00:00:00: num controls = 156


Bootstrap 88 --> 39000: 2 1-6 NW1 6UG 2019-03-29 00:00:00: num controls = 432


Bootstrap 88 --> 59000: 262 E2 0BY 2018-02-15 00:00:00: num controls = 758


Bootstrap 81 --> 34000: 17A N14 6LR 2007-08-23 00:00:00: num controls = 114


Bootstrap 24 --> 31000: 16 THE VINERIES BN3 1PY 2019-02-27 00:00:00: num controls = 3461


Bootstrap 81 --> 43000: 2 74 SW9 9PH 2012-08-31 00:00:00: num controls = 472


Bootstrap 81 --> 27000: 15 CARLTON COURT CB4 2BX 2022-05-13 00:00:00: num controls = 559


Bootstrap 88 --> 50000: 21 ALFORD HOUSE N6 5AL 2010-12-23 00:00:00: num controls = 555


Bootstrap 16 --> 31000: 16 THE VINERIES BN3 1PY 2019-02-27 00:00:00: num controls = 3388


Bootstrap 81 --> 18000: 12 CLEVELAND COURT EX1 2JP 2021-11-26 00:00:00: num controls = 486


Bootstrap 88 --> 37000: 19 JASMINE COURT 152 SM1 2TZ 2020-04-01 00:00:00: num controls = 820


Bootstrap 24 --> 37000: 19 JASMINE COURT 152 SM1 2TZ 2020-04-01 00:00:00: num controls = 841


Bootstrap 81 --> 4000: 1 810 BH7 6DF 2022-05-17 00:00:00: num controls = 510


Bootstrap 81 --> 2000: 1 280 SW18 3RG 2018-07-13 00:00:00: num controls = 3293


Bootstrap 16 --> 37000: 19 JASMINE COURT 152 SM1 2TZ 2020-04-01 00:00:00: num controls = 879
