Running
Running
Running
Running
Running
Running
Running
Running
Running
Running
Running
Running
Running
Running
Running
Running
Running
Running
Running
Running
Running
Running
Running
Running
Running
Running
Running
Running
Running
Running


Running iteration 24...
--------------------



Running iteration 81...
--------------------

Time elapsed: 234.4304382801056
Time elapsed: 239.62726140022278
Time elapsed: 240.01173520088196
Time elapsed: 242.79822707176208
Time elapsed: 244.54501223564148
Time elapsed: 247.01922154426575


Running iteration 16...
--------------------

Time elapsed: 250.59322714805603
Time elapsed: 251.35978937149048
Time elapsed: 251.81521105766296
Time elapsed: 252.04651856422424
Time elapsed: 252.18789100646973
Time elapsed: 252.35449981689453
Time elapsed: 252.4735779762268
Time elapsed: 252.89493894577026


Running iteration 88...
--------------------

Time elapsed: 253.67516541481018


Running iteration 5...
--------------------

Time elapsed: 254.21460914611816
Time elapsed: 254.31968665122986
Time elapsed: 254.94955277442932
Time elapsed: 255.95476865768433
Time elapsed: 261.66515254974365
Time elapsed: 273.94300746917725
Running in parallel:
Time elapsed: 280.83636927604675
Running in parallel:


Bootstrap 24 --> 9000: 10 BEECH GARDENS BN14 7HL 2015-10-09 00:00:00: num controls = 1480
Time elapsed: 311.2955484390259
Time elapsed: 315.3553202152252
Running in parallel:


Running iteration 2...
--------------------

Running in parallel:


Bootstrap 81 --> 9000: 10 BEECH GARDENS BN14 7HL 2015-10-09 00:00:00: num controls = 1542
Running in parallel:


Bootstrap 5 --> 9000: 10 BEECH GARDENS BN14 7HL 2015-10-09 00:00:00: num controls = 1490


Bootstrap 88 --> 9000: 10 BEECH GARDENS BN14 7HL 2015-10-09 00:00:00: num controls = 1513


Bootstrap 16 --> 9000: 10 BEECH GARDENS BN14 7HL 2015-10-09 00:00:00: num controls = 1517
Running in parallel:


Bootstrap 2 --> 9000: 10 BEECH GARDENS BN14 7HL 2015-10-09 00:00:00: num controls = 1555


Bootstrap 24 --> 16000: 110B SW8 3RZ 2022-10-19 00:00:00: num controls = 119


Bootstrap 81 --> 16000: 110B SW8 3RZ 2022-10-19 00:00:00: num controls = 101


Bootstrap 88 --> 16000: 110B SW8 3RZ 2022-10-19 00:00:00: num controls = 104


Bootstrap 5 --> 16000: 110B SW8 3RZ 2022-10-19 00:00:00: num controls = 99


Bootstrap 16 --> 16000: 110B SW8 3RZ 2022-10-19 00:00:00: num controls = 105


Bootstrap 81 --> 7000: 1 OAKES HOUSE SN8 2QP 2021-02-26 00:00:00: num controls = 215


Bootstrap 24 --> 7000: 1 OAKES HOUSE SN8 2QP 2021-02-26 00:00:00: num controls = 219


Bootstrap 88 --> 7000: 1 OAKES HOUSE SN8 2QP 2021-02-26 00:00:00: num controls = 221


Bootstrap 5 --> 7000: 1 OAKES HOUSE SN8 2QP 2021-02-26 00:00:00: num controls = 265


Bootstrap 16 --> 7000: 1 OAKES HOUSE SN8 2QP 2021-02-26 00:00:00: num controls = 228


Bootstrap 2 --> 16000: 110B SW8 3RZ 2022-10-19 00:00:00: num controls = 112


Bootstrap 24 --> 32000: 17 B14 7NU 2022-01-07 00:00:00: num controls = 135


Bootstrap 81 --> 32000: 17 B14 7NU 2022-01-07 00:00:00: num controls = 133


Bootstrap 24 --> 14000: 11 CV5 7NQ 2017-11-13 00:00:00: num controls = 157


Bootstrap 88 --> 32000: 17 B14 7NU 2022-01-07 00:00:00: num controls = 120


Bootstrap 81 --> 14000: 11 CV5 7NQ 2017-11-13 00:00:00: num controls = 129


Bootstrap 5 --> 32000: 17 B14 7NU 2022-01-07 00:00:00: num controls = 145


Bootstrap 88 --> 14000: 11 CV5 7NQ 2017-11-13 00:00:00: num controls = 149


Bootstrap 16 --> 32000: 17 B14 7NU 2022-01-07 00:00:00: num controls = 129


Bootstrap 5 --> 14000: 11 CV5 7NQ 2017-11-13 00:00:00: num controls = 154


Bootstrap 24 --> 23000: 133 CM1 6XH 2015-01-23 00:00:00: num controls = 86


Bootstrap 81 --> 23000: 133 CM1 6XH 2015-01-23 00:00:00: num controls = 78


Bootstrap 16 --> 14000: 11 CV5 7NQ 2017-11-13 00:00:00: num controls = 148


Bootstrap 88 --> 23000: 133 CM1 6XH 2015-01-23 00:00:00: num controls = 97


Bootstrap 24 --> 5000: 1 CB5 8UR 2015-11-20 00:00:00: num controls = 52


Bootstrap 2 --> 7000: 1 OAKES HOUSE SN8 2QP 2021-02-26 00:00:00: num controls = 208


Bootstrap 5 --> 23000: 133 CM1 6XH 2015-01-23 00:00:00: num controls = 75


Bootstrap 16 --> 23000: 133 CM1 6XH 2015-01-23 00:00:00: num controls = 105


Bootstrap 81 --> 5000: 1 CB5 8UR 2015-11-20 00:00:00: num controls = 64


Bootstrap 88 --> 5000: 1 CB5 8UR 2015-11-20 00:00:00: num controls = 50


Bootstrap 5 --> 5000: 1 CB5 8UR 2015-11-20 00:00:00: num controls = 51


Bootstrap 16 --> 5000: 1 CB5 8UR 2015-11-20 00:00:00: num controls = 57


Bootstrap 24 --> 30000: 16 GAINSBOROUGH COURT CF64 2LJ 2016-03-30 00:00:00: num controls = 335


Bootstrap 81 --> 30000: 16 GAINSBOROUGH COURT CF64 2LJ 2016-03-30 00:00:00: num controls = 361


Bootstrap 88 --> 30000: 16 GAINSBOROUGH COURT CF64 2LJ 2016-03-30 00:00:00: num controls = 378


Bootstrap 5 --> 30000: 16 GAINSBOROUGH COURT CF64 2LJ 2016-03-30 00:00:00: num controls = 383


Bootstrap 81 --> 12000: 103 NW7 3EJ 2016-02-19 00:00:00: num controls = 133


Bootstrap 16 --> 30000: 16 GAINSBOROUGH COURT CF64 2LJ 2016-03-30 00:00:00: num controls = 385


Bootstrap 24 --> 12000: 103 NW7 3EJ 2016-02-19 00:00:00: num controls = 153


Bootstrap 2 --> 32000: 17 B14 7NU 2022-01-07 00:00:00: num controls = 135


Bootstrap 81 --> 21000: 12A CT9 2PU 2021-01-15 00:00:00: num controls = 55


Bootstrap 88 --> 12000: 103 NW7 3EJ 2016-02-19 00:00:00: num controls = 137


Bootstrap 24 --> 21000: 12A CT9 2PU 2021-01-15 00:00:00: num controls = 77


Bootstrap 88 --> 21000: 12A CT9 2PU 2021-01-15 00:00:00: num controls = 73


Bootstrap 5 --> 12000: 103 NW7 3EJ 2016-02-19 00:00:00: num controls = 140


Bootstrap 2 --> 14000: 11 CV5 7NQ 2017-11-13 00:00:00: num controls = 163


Bootstrap 16 --> 12000: 103 NW7 3EJ 2016-02-19 00:00:00: num controls = 129


Bootstrap 5 --> 21000: 12A CT9 2PU 2021-01-15 00:00:00: num controls = 53


Bootstrap 88 --> 28000: 15 RH4 2AW 2011-11-23 00:00:00: num controls = 135


Bootstrap 24 --> 28000: 15 RH4 2AW 2011-11-23 00:00:00: num controls = 120


Bootstrap 81 --> 28000: 15 RH4 2AW 2011-11-23 00:00:00: num controls = 129


Bootstrap 16 --> 21000: 12A CT9 2PU 2021-01-15 00:00:00: num controls = 78


Bootstrap 5 --> 28000: 15 RH4 2AW 2011-11-23 00:00:00: num controls = 139


Bootstrap 2 --> 23000: 133 CM1 6XH 2015-01-23 00:00:00: num controls = 87


Bootstrap 81 --> 19000: 12 OX14 3XW 2016-11-16 00:00:00: num controls = 264


Bootstrap 81 --> 10000: 10 HP7 0EW 2014-12-05 00:00:00: num controls = 125


Bootstrap 88 --> 19000: 12 OX14 3XW 2016-11-16 00:00:00: num controls = 252


Bootstrap 16 --> 28000: 15 RH4 2AW 2011-11-23 00:00:00: num controls = 137


Bootstrap 24 --> 19000: 12 OX14 3XW 2016-11-16 00:00:00: num controls = 262


Bootstrap 24 --> 10000: 10 HP7 0EW 2014-12-05 00:00:00: num controls = 128


Bootstrap 88 --> 10000: 10 HP7 0EW 2014-12-05 00:00:00: num controls = 92


Bootstrap 5 --> 10000: 10 HP7 0EW 2014-12-05 00:00:00: num controls = 140


Bootstrap 5 --> 19000: 12 OX14 3XW 2016-11-16 00:00:00: num controls = 255


Bootstrap 2 --> 5000: 1 CB5 8UR 2015-11-20 00:00:00: num controls = 57


Bootstrap 16 --> 19000: 12 OX14 3XW 2016-11-16 00:00:00: num controls = 274


Bootstrap 16 --> 10000: 10 HP7 0EW 2014-12-05 00:00:00: num controls = 130


Bootstrap 81 --> 35000: 18 MILTON LODGE TW1 1BU 2017-10-13 00:00:00: num controls = 874


Bootstrap 24 --> 35000: 18 MILTON LODGE TW1 1BU 2017-10-13 00:00:00: num controls = 910


Bootstrap 88 --> 35000: 18 MILTON LODGE TW1 1BU 2017-10-13 00:00:00: num controls = 911


Bootstrap 2 --> 30000: 16 GAINSBOROUGH COURT CF64 2LJ 2016-03-30 00:00:00: num controls = 362


Bootstrap 5 --> 35000: 18 MILTON LODGE TW1 1BU 2017-10-13 00:00:00: num controls = 828


Bootstrap 81 --> 1000: 1 17 BN3 1TH 2015-12-18 00:00:00: num controls = 712


Bootstrap 81 --> 3000: 1 48 W3 6SJ 2009-05-01 00:00:00: num controls = 166


Bootstrap 24 --> 3000: 1 48 W3 6SJ 2009-05-01 00:00:00: num controls = 150


Bootstrap 16 --> 35000: 18 MILTON LODGE TW1 1BU 2017-10-13 00:00:00: num controls = 876


Bootstrap 88 --> 3000: 1 48 W3 6SJ 2009-05-01 00:00:00: num controls = 157


Bootstrap 88 --> 1000: 1 17 BN3 1TH 2015-12-18 00:00:00: num controls = 642


Bootstrap 81 --> 8000: 1 THE ACORNS 114-116 LU2 7PD 2018-06-29 00:00:00: num controls = 131


Bootstrap 24 --> 1000: 1 17 BN3 1TH 2015-12-18 00:00:00: num controls = 651


Bootstrap 88 --> 8000: 1 THE ACORNS 114-116 LU2 7PD 2018-06-29 00:00:00: num controls = 120


Bootstrap 5 --> 3000: 1 48 W3 6SJ 2009-05-01 00:00:00: num controls = 151


Bootstrap 81 --> 26000: 143A SE24 0NG 2019-11-15 00:00:00: num controls = 669


Bootstrap 24 --> 8000: 1 THE ACORNS 114-116 LU2 7PD 2018-06-29 00:00:00: num controls = 121


Bootstrap 16 --> 3000: 1 48 W3 6SJ 2009-05-01 00:00:00: num controls = 161


Bootstrap 24 --> 26000: 143A SE24 0NG 2019-11-15 00:00:00: num controls = 701


Bootstrap 5 --> 1000: 1 17 BN3 1TH 2015-12-18 00:00:00: num controls = 680


Bootstrap 88 --> 26000: 143A SE24 0NG 2019-11-15 00:00:00: num controls = 670


Bootstrap 5 --> 8000: 1 THE ACORNS 114-116 LU2 7PD 2018-06-29 00:00:00: num controls = 125


Bootstrap 16 --> 1000: 1 17 BN3 1TH 2015-12-18 00:00:00: num controls = 723


Bootstrap 2 --> 12000: 103 NW7 3EJ 2016-02-19 00:00:00: num controls = 133


Bootstrap 5 --> 26000: 143A SE24 0NG 2019-11-15 00:00:00: num controls = 727


Bootstrap 16 --> 8000: 1 THE ACORNS 114-116 LU2 7PD 2018-06-29 00:00:00: num controls = 118


Bootstrap 2 --> 21000: 12A CT9 2PU 2021-01-15 00:00:00: num controls = 76


Bootstrap 16 --> 26000: 143A SE24 0NG 2019-11-15 00:00:00: num controls = 715


Bootstrap 81 --> 17000: 119 N22 7AG 2002-12-03 00:00:00: num controls = 129


Bootstrap 81 --> 33000: 17 PRINCES COURT 78 BH12 1BN 2021-03-26 00:00:00: num controls = 154


Bootstrap 88 --> 17000: 119 N22 7AG 2002-12-03 00:00:00: num controls = 126


Bootstrap 88 --> 33000: 17 PRINCES COURT 78 BH12 1BN 2021-03-26 00:00:00: num controls = 138


Bootstrap 24 --> 17000: 119 N22 7AG 2002-12-03 00:00:00: num controls = 121


Bootstrap 24 --> 33000: 17 PRINCES COURT 78 BH12 1BN 2021-03-26 00:00:00: num controls = 160


Bootstrap 5 --> 17000: 119 N22 7AG 2002-12-03 00:00:00: num controls = 125


Bootstrap 5 --> 33000: 17 PRINCES COURT 78 BH12 1BN 2021-03-26 00:00:00: num controls = 136


Bootstrap 2 --> 28000: 15 RH4 2AW 2011-11-23 00:00:00: num controls = 150


Bootstrap 81 --> 6000: 1 GU34 1JD 2017-08-11 00:00:00: num controls = 185


Bootstrap 16 --> 33000: 17 PRINCES COURT 78 BH12 1BN 2021-03-26 00:00:00: num controls = 145


Bootstrap 88 --> 6000: 1 GU34 1JD 2017-08-11 00:00:00: num controls = 154


Bootstrap 16 --> 17000: 119 N22 7AG 2002-12-03 00:00:00: num controls = 116


Bootstrap 24 --> 6000: 1 GU34 1JD 2017-08-11 00:00:00: num controls = 182


Bootstrap 5 --> 6000: 1 GU34 1JD 2017-08-11 00:00:00: num controls = 166


Bootstrap 2 --> 19000: 12 OX14 3XW 2016-11-16 00:00:00: num controls = 225


Bootstrap 16 --> 6000: 1 GU34 1JD 2017-08-11 00:00:00: num controls = 156


Bootstrap 81 --> 31000: 16 THE VINERIES BN3 1PY 2019-02-27 00:00:00: num controls = 3454


Bootstrap 2 --> 10000: 10 HP7 0EW 2014-12-05 00:00:00: num controls = 125


Bootstrap 24 --> 31000: 16 THE VINERIES BN3 1PY 2019-02-27 00:00:00: num controls = 3461


Bootstrap 88 --> 31000: 16 THE VINERIES BN3 1PY 2019-02-27 00:00:00: num controls = 3411


Bootstrap 5 --> 31000: 16 THE VINERIES BN3 1PY 2019-02-27 00:00:00: num controls = 3388


Bootstrap 24 --> 37000: 19 JASMINE COURT 152 SM1 2TZ 2020-04-01 00:00:00: num controls = 841


Bootstrap 2 --> 35000: 18 MILTON LODGE TW1 1BU 2017-10-13 00:00:00: num controls = 851


Bootstrap 16 --> 31000: 16 THE VINERIES BN3 1PY 2019-02-27 00:00:00: num controls = 3388


Bootstrap 81 --> 24000: 14 BN12 5JQ 2005-02-21 00:00:00: num controls = 130


Bootstrap 81 --> 22000: 13 LITTLEDOWN COURT 40-42 BH1 1QA 2010-04-26 00:00:00: num controls = 360


Bootstrap 88 --> 24000: 14 BN12 5JQ 2005-02-21 00:00:00: num controls = 126


Bootstrap 24 --> 24000: 14 BN12 5JQ 2005-02-21 00:00:00: num controls = 120


Bootstrap 16 --> 37000: 19 JASMINE COURT 152 SM1 2TZ 2020-04-01 00:00:00: num controls = 879


Bootstrap 88 --> 22000: 13 LITTLEDOWN COURT 40-42 BH1 1QA 2010-04-26 00:00:00: num controls = 360


Bootstrap 5 --> 24000: 14 BN12 5JQ 2005-02-21 00:00:00: num controls = 139


Bootstrap 16 --> 24000: 14 BN12 5JQ 2005-02-21 00:00:00: num controls = 122


Bootstrap 24 --> 22000: 13 LITTLEDOWN COURT 40-42 BH1 1QA 2010-04-26 00:00:00: num controls = 354


Bootstrap 81 --> 13000: 10A CH45 7PX 2023-03-03 00:00:00: num controls = 134


Bootstrap 81 --> 11000: 10 SW19 2EP 2021-11-26 00:00:00: num controls = 2915


Bootstrap 81 --> 20000: 121 CR6 9RH 2018-10-15 00:00:00: num controls = 990


Bootstrap 2 --> 3000: 1 48 W3 6SJ 2009-05-01 00:00:00: num controls = 165


Bootstrap 5 --> 22000: 13 LITTLEDOWN COURT 40-42 BH1 1QA 2010-04-26 00:00:00: num controls = 363


Bootstrap 88 --> 20000: 121 CR6 9RH 2018-10-15 00:00:00: num controls = 905


Bootstrap 88 --> 11000: 10 SW19 2EP 2021-11-26 00:00:00: num controls = 2966


Bootstrap 88 --> 13000: 10A CH45 7PX 2023-03-03 00:00:00: num controls = 159


Bootstrap 88 --> 29000: 157A BH8 8PB 2016-06-03 00:00:00: num controls = 936


Bootstrap 81 --> 29000: 157A BH8 8PB 2016-06-03 00:00:00: num controls = 925


Bootstrap 24 --> 13000: 10A CH45 7PX 2023-03-03 00:00:00: num controls = 157


Bootstrap 24 --> 11000: 10 SW19 2EP 2021-11-26 00:00:00: num controls = 3054


Bootstrap 2 --> 1000: 1 17 BN3 1TH 2015-12-18 00:00:00: num controls = 699


Bootstrap 16 --> 22000: 13 LITTLEDOWN COURT 40-42 BH1 1QA 2010-04-26 00:00:00: num controls = 368


Bootstrap 2 --> 8000: 1 THE ACORNS 114-116 LU2 7PD 2018-06-29 00:00:00: num controls = 100


Bootstrap 24 --> 20000: 121 CR6 9RH 2018-10-15 00:00:00: num controls = 1005


Bootstrap 5 --> 11000: 10 SW19 2EP 2021-11-26 00:00:00: num controls = 3011


Bootstrap 5 --> 13000: 10A CH45 7PX 2023-03-03 00:00:00: num controls = 144


Bootstrap 2 --> 26000: 143A SE24 0NG 2019-11-15 00:00:00: num controls = 689


Bootstrap 5 --> 20000: 121 CR6 9RH 2018-10-15 00:00:00: num controls = 950


Bootstrap 16 --> 11000: 10 SW19 2EP 2021-11-26 00:00:00: num controls = 2929


Bootstrap 5 --> 29000: 157A BH8 8PB 2016-06-03 00:00:00: num controls = 933


Bootstrap 81 --> 36000: 187 SE8 4BT 2014-05-08 00:00:00: num controls = 159


Bootstrap 16 --> 20000: 121 CR6 9RH 2018-10-15 00:00:00: num controls = 951


Bootstrap 16 --> 13000: 10A CH45 7PX 2023-03-03 00:00:00: num controls = 180


Bootstrap 88 --> 36000: 187 SE8 4BT 2014-05-08 00:00:00: num controls = 143


Bootstrap 24 --> 36000: 187 SE8 4BT 2014-05-08 00:00:00: num controls = 163


Bootstrap 2 --> 33000: 17 PRINCES COURT 78 BH12 1BN 2021-03-26 00:00:00: num controls = 130


Bootstrap 2 --> 17000: 119 N22 7AG 2002-12-03 00:00:00: num controls = 96


Bootstrap 5 --> 36000: 187 SE8 4BT 2014-05-08 00:00:00: num controls = 155


Bootstrap 16 --> 36000: 187 SE8 4BT 2014-05-08 00:00:00: num controls = 152


Bootstrap 2 --> 6000: 1 GU34 1JD 2017-08-11 00:00:00: num controls = 188


Bootstrap 81 --> 34000: 17A N14 6LR 2007-08-23 00:00:00: num controls = 114


Bootstrap 81 --> 43000: 2 74 SW9 9PH 2012-08-31 00:00:00: num controls = 472


Bootstrap 81 --> 27000: 15 CARLTON COURT CB4 2BX 2022-05-13 00:00:00: num controls = 559


Bootstrap 88 --> 34000: 17A N14 6LR 2007-08-23 00:00:00: num controls = 101


Bootstrap 88 --> 27000: 15 CARLTON COURT CB4 2BX 2022-05-13 00:00:00: num controls = 485


Bootstrap 88 --> 43000: 2 74 SW9 9PH 2012-08-31 00:00:00: num controls = 472


Bootstrap 81 --> 18000: 12 CLEVELAND COURT EX1 2JP 2021-11-26 00:00:00: num controls = 486


Bootstrap 88 --> 18000: 12 CLEVELAND COURT EX1 2JP 2021-11-26 00:00:00: num controls = 467


Bootstrap 24 --> 43000: 2 74 SW9 9PH 2012-08-31 00:00:00: num controls = 441


Bootstrap 24 --> 27000: 15 CARLTON COURT CB4 2BX 2022-05-13 00:00:00: num controls = 478


Bootstrap 88 --> 4000: 1 810 BH7 6DF 2022-05-17 00:00:00: num controls = 562


Bootstrap 2 --> 31000: 16 THE VINERIES BN3 1PY 2019-02-27 00:00:00: num controls = 3416


Bootstrap 5 --> 27000: 15 CARLTON COURT CB4 2BX 2022-05-13 00:00:00: num controls = 528


Bootstrap 24 --> 34000: 17A N14 6LR 2007-08-23 00:00:00: num controls = 104


Bootstrap 24 --> 18000: 12 CLEVELAND COURT EX1 2JP 2021-11-26 00:00:00: num controls = 500


Bootstrap 81 --> 2000: 1 280 SW18 3RG 2018-07-13 00:00:00: num controls = 3293


Bootstrap 81 --> 4000: 1 810 BH7 6DF 2022-05-17 00:00:00: num controls = 510


Bootstrap 5 --> 43000: 2 74 SW9 9PH 2012-08-31 00:00:00: num controls = 470


Bootstrap 5 --> 18000: 12 CLEVELAND COURT EX1 2JP 2021-11-26 00:00:00: num controls = 471


Bootstrap 5 --> 34000: 17A N14 6LR 2007-08-23 00:00:00: num controls = 100


Bootstrap 88 --> 2000: 1 280 SW18 3RG 2018-07-13 00:00:00: num controls = 3205


Bootstrap 88 --> 41000: 2 28 SW17 0QJ 2014-05-23 00:00:00: num controls = 529


Bootstrap 81 --> 41000: 2 28 SW17 0QJ 2014-05-23 00:00:00: num controls = 557


Bootstrap 16 --> 43000: 2 74 SW9 9PH 2012-08-31 00:00:00: num controls = 439


Bootstrap 24 --> 4000: 1 810 BH7 6DF 2022-05-17 00:00:00: num controls = 543


Bootstrap 16 --> 27000: 15 CARLTON COURT CB4 2BX 2022-05-13 00:00:00: num controls = 523


Bootstrap 16 --> 34000: 17A N14 6LR 2007-08-23 00:00:00: num controls = 116


Bootstrap 16 --> 18000: 12 CLEVELAND COURT EX1 2JP 2021-11-26 00:00:00: num controls = 507


Bootstrap 5 --> 4000: 1 810 BH7 6DF 2022-05-17 00:00:00: num controls = 578


Bootstrap 24 --> 41000: 2 28 SW17 0QJ 2014-05-23 00:00:00: num controls = 550


Bootstrap 24 --> 2000: 1 280 SW18 3RG 2018-07-13 00:00:00: num controls = 3317


Bootstrap 81 --> 59000: 262 E2 0BY 2018-02-15 00:00:00: num controls = 754


Bootstrap 88 --> 39000: 2 1-6 NW1 6UG 2019-03-29 00:00:00: num controls = 432


Bootstrap 5 --> 2000: 1 280 SW18 3RG 2018-07-13 00:00:00: num controls = 3317


Bootstrap 81 --> 50000: 21 ALFORD HOUSE N6 5AL 2010-12-23 00:00:00: num controls = 576


Bootstrap 16 --> 4000: 1 810 BH7 6DF 2022-05-17 00:00:00: num controls = 566


Bootstrap 88 --> 59000: 262 E2 0BY 2018-02-15 00:00:00: num controls = 758


Bootstrap 81 --> 39000: 2 1-6 NW1 6UG 2019-03-29 00:00:00: num controls = 428


Bootstrap 24 --> 38000: 196 NE16 5XB 2011-06-27 00:00:00: num controls = 85


Bootstrap 24 --> 39000: 2 1-6 NW1 6UG 2019-03-29 00:00:00: num controls = 430


Bootstrap 88 --> 50000: 21 ALFORD HOUSE N6 5AL 2010-12-23 00:00:00: num controls = 555


Bootstrap 5 --> 41000: 2 28 SW17 0QJ 2014-05-23 00:00:00: num controls = 499


Bootstrap 24 --> 50000: 21 ALFORD HOUSE N6 5AL 2010-12-23 00:00:00: num controls = 594


Bootstrap 2 --> 24000: 14 BN12 5JQ 2005-02-21 00:00:00: num controls = 114


Bootstrap 16 --> 41000: 2 28 SW17 0QJ 2014-05-23 00:00:00: num controls = 557


Bootstrap 16 --> 2000: 1 280 SW18 3RG 2018-07-13 00:00:00: num controls = 3279


Bootstrap 24 --> 59000: 262 E2 0BY 2018-02-15 00:00:00: num controls = 768


Bootstrap 2 --> 22000: 13 LITTLEDOWN COURT 40-42 BH1 1QA 2010-04-26 00:00:00: num controls = 343


Bootstrap 5 --> 50000: 21 ALFORD HOUSE N6 5AL 2010-12-23 00:00:00: num controls = 535


Bootstrap 88 --> 37000: 19 JASMINE COURT 152 SM1 2TZ 2020-04-01 00:00:00: num controls = 820


Bootstrap 5 --> 39000: 2 1-6 NW1 6UG 2019-03-29 00:00:00: num controls = 438


Bootstrap 16 --> 38000: 196 NE16 5XB 2011-06-27 00:00:00: num controls = 73


Bootstrap 5 --> 59000: 262 E2 0BY 2018-02-15 00:00:00: num controls = 706


Bootstrap 81 --> 37000: 19 JASMINE COURT 152 SM1 2TZ 2020-04-01 00:00:00: num controls = 858


Bootstrap 16 --> 39000: 2 1-6 NW1 6UG 2019-03-29 00:00:00: num controls = 434


Bootstrap 16 --> 50000: 21 ALFORD HOUSE N6 5AL 2010-12-23 00:00:00: num controls = 517


Bootstrap 81 --> 48000: 20 ARMADALE COURT RG30 2DF 2018-04-16 00:00:00: num controls = 384


Bootstrap 16 --> 59000: 262 E2 0BY 2018-02-15 00:00:00: num controls = 755


Bootstrap 81 --> 70000: 3 NG7 2HY 2022-12-16 00:00:00: num controls = 592


Bootstrap 24 --> 48000: 20 ARMADALE COURT RG30 2DF 2018-04-16 00:00:00: num controls = 388


Bootstrap 5 --> 37000: 19 JASMINE COURT 152 SM1 2TZ 2020-04-01 00:00:00: num controls = 853


Bootstrap 2 --> 11000: 10 SW19 2EP 2021-11-26 00:00:00: num controls = 2961


Bootstrap 88 --> 48000: 20 ARMADALE COURT RG30 2DF 2018-04-16 00:00:00: num controls = 335


Bootstrap 2 --> 13000: 10A CH45 7PX 2023-03-03 00:00:00: num controls = 164


Bootstrap 81 --> 57000: 25 GUILLEMOT COURT SE8 5UU 2020-05-21 00:00:00: num controls = 378


Bootstrap 88 --> 70000: 3 NG7 2HY 2022-12-16 00:00:00: num controls = 670


Bootstrap 2 --> 20000: 121 CR6 9RH 2018-10-15 00:00:00: num controls = 965


Bootstrap 2 --> 29000: 157A BH8 8PB 2016-06-03 00:00:00: num controls = 905


Bootstrap 81 --> 68000: 3 BURRELL COURT CH42 8JS 2011-11-09 00:00:00: num controls = 96


Bootstrap 88 --> 57000: 25 GUILLEMOT COURT SE8 5UU 2020-05-21 00:00:00: num controls = 364


Bootstrap 24 --> 70000: 3 NG7 2HY 2022-12-16 00:00:00: num controls = 651


Bootstrap 5 --> 48000: 20 ARMADALE COURT RG30 2DF 2018-04-16 00:00:00: num controls = 377


Bootstrap 88 --> 68000: 3 BURRELL COURT CH42 8JS 2011-11-09 00:00:00: num controls = 91


Bootstrap 81 --> 46000: 2 MERRIEVALE COURT WR14 3NE 2019-01-18 00:00:00: num controls = 343


Bootstrap 24 --> 57000: 25 GUILLEMOT COURT SE8 5UU 2020-05-21 00:00:00: num controls = 348


Bootstrap 5 --> 70000: 3 NG7 2HY 2022-12-16 00:00:00: num controls = 621


Bootstrap 88 --> 46000: 2 MERRIEVALE COURT WR14 3NE 2019-01-18 00:00:00: num controls = 339


Bootstrap 5 --> 57000: 25 GUILLEMOT COURT SE8 5UU 2020-05-21 00:00:00: num controls = 394


Bootstrap 24 --> 46000: 2 MERRIEVALE COURT WR14 3NE 2019-01-18 00:00:00: num controls = 406


Bootstrap 2 --> 36000: 187 SE8 4BT 2014-05-08 00:00:00: num controls = 155


Bootstrap 16 --> 48000: 20 ARMADALE COURT RG30 2DF 2018-04-16 00:00:00: num controls = 386


Bootstrap 24 --> 68000: 3 BURRELL COURT CH42 8JS 2011-11-09 00:00:00: num controls = 95


Bootstrap 5 --> 68000: 3 BURRELL COURT CH42 8JS 2011-11-09 00:00:00: num controls = 120


Bootstrap 5 --> 46000: 2 MERRIEVALE COURT WR14 3NE 2019-01-18 00:00:00: num controls = 371


Bootstrap 81 --> 55000: 23C W11 1HS 2021-03-29 00:00:00: num controls = 953


Bootstrap 16 --> 70000: 3 NG7 2HY 2022-12-16 00:00:00: num controls = 645


Bootstrap 81 --> 66000: 3 43 BH5 1HA 2018-09-03 00:00:00: num controls = 425


Bootstrap 88 --> 66000: 3 43 BH5 1HA 2018-09-03 00:00:00: num controls = 431


Bootstrap 16 --> 46000: 2 MERRIEVALE COURT WR14 3NE 2019-01-18 00:00:00: num controls = 344


Bootstrap 88 --> 55000: 23C W11 1HS 2021-03-29 00:00:00: num controls = 913


Bootstrap 16 --> 57000: 25 GUILLEMOT COURT SE8 5UU 2020-05-21 00:00:00: num controls = 370


Bootstrap 24 --> 55000: 23C W11 1HS 2021-03-29 00:00:00: num controls = 973


Bootstrap 81 --> 53000: 22 WV6 0LT 2014-12-02 00:00:00: num controls = 255


Bootstrap 88 --> 53000: 22 WV6 0LT 2014-12-02 00:00:00: num controls = 267


Bootstrap 24 --> 66000: 3 43 BH5 1HA 2018-09-03 00:00:00: num controls = 436


Bootstrap 5 --> 66000: 3 43 BH5 1HA 2018-09-03 00:00:00: num controls = 456


Bootstrap 16 --> 68000: 3 BURRELL COURT CH42 8JS 2011-11-09 00:00:00: num controls = 111


Bootstrap 5 --> 55000: 23C W11 1HS 2021-03-29 00:00:00: num controls = 935


Bootstrap 81 --> 64000: 3 13 BN2 1FH 2020-10-26 00:00:00: num controls = 574


Bootstrap 24 --> 53000: 22 WV6 0LT 2014-12-02 00:00:00: num controls = 252


Bootstrap 88 --> 64000: 3 13 BN2 1FH 2020-10-26 00:00:00: num controls = 589


Bootstrap 81 --> 62000: 29 CV34 4NJ 2023-10-25 00:00:00: num controls = 984


Bootstrap 88 --> 62000: 29 CV34 4NJ 2023-10-25 00:00:00: num controls = 1042


Bootstrap 24 --> 64000: 3 13 BN2 1FH 2020-10-26 00:00:00: num controls = 585


Bootstrap 81 --> 44000: 2 BOULEVARD COURT 6 SS2 4PF 2021-08-17 00:00:00: num controls = 337


Bootstrap 5 --> 53000: 22 WV6 0LT 2014-12-02 00:00:00: num controls = 225


Bootstrap 81 --> 51000: 21 SOUTH VIEW COURT SE19 3EJ 2014-08-19 00:00:00: num controls = 424


Bootstrap 5 --> 64000: 3 13 BN2 1FH 2020-10-26 00:00:00: num controls = 597


Bootstrap 88 --> 44000: 2 BOULEVARD COURT 6 SS2 4PF 2021-08-17 00:00:00: num controls = 369


Bootstrap 24 --> 62000: 29 CV34 4NJ 2023-10-25 00:00:00: num controls = 1018


Bootstrap 88 --> 51000: 21 SOUTH VIEW COURT SE19 3EJ 2014-08-19 00:00:00: num controls = 395


Bootstrap 2 --> 34000: 17A N14 6LR 2007-08-23 00:00:00: num controls = 99


Bootstrap 81 --> 60000: 27 ROSSETTI GARDEN MANSIONS SW3 5QX 2022-11-16 00:00:00: num controls = 170


Bootstrap 5 --> 62000: 29 CV34 4NJ 2023-10-25 00:00:00: num controls = 1042


Bootstrap 16 --> 55000: 23C W11 1HS 2021-03-29 00:00:00: num controls = 931


Bootstrap 24 --> 51000: 21 SOUTH VIEW COURT SE19 3EJ 2014-08-19 00:00:00: num controls = 427


Bootstrap 2 --> 27000: 15 CARLTON COURT CB4 2BX 2022-05-13 00:00:00: num controls = 511


Bootstrap 16 --> 53000: 22 WV6 0LT 2014-12-02 00:00:00: num controls = 251


Bootstrap 81 --> 49000: 20 SE9 5BJ 2005-03-16 00:00:00: num controls = 91


Bootstrap 2 --> 43000: 2 74 SW9 9PH 2012-08-31 00:00:00: num controls = 444


Bootstrap 24 --> 44000: 2 BOULEVARD COURT 6 SS2 4PF 2021-08-17 00:00:00: num controls = 366


Bootstrap 81 --> 71000: 3 STYLES SL5 9QD 2007-09-04 00:00:00: num controls = 17


Bootstrap 88 --> 60000: 27 ROSSETTI GARDEN MANSIONS SW3 5QX 2022-11-16 00:00:00: num controls = 187


Bootstrap 16 --> 66000: 3 43 BH5 1HA 2018-09-03 00:00:00: num controls = 471


Bootstrap 88 --> 38000: 196 NE16 5XB 2011-06-27 00:00:00: num controls = 75


Bootstrap 81 --> 38000: 196 NE16 5XB 2011-06-27 00:00:00: num controls = 93


Bootstrap 5 --> 51000: 21 SOUTH VIEW COURT SE19 3EJ 2014-08-19 00:00:00: num controls = 443


Bootstrap 5 --> 44000: 2 BOULEVARD COURT 6 SS2 4PF 2021-08-17 00:00:00: num controls = 356


Bootstrap 88 --> 71000: 3 STYLES SL5 9QD 2007-09-04 00:00:00: num controls = 23


Bootstrap 2 --> 18000: 12 CLEVELAND COURT EX1 2JP 2021-11-26 00:00:00: num controls = 498


Bootstrap 88 --> 49000: 20 SE9 5BJ 2005-03-16 00:00:00: num controls = 101


Bootstrap 16 --> 64000: 3 13 BN2 1FH 2020-10-26 00:00:00: num controls = 584


Bootstrap 24 --> 60000: 27 ROSSETTI GARDEN MANSIONS SW3 5QX 2022-11-16 00:00:00: num controls = 125


Bootstrap 5 --> 60000: 27 ROSSETTI GARDEN MANSIONS SW3 5QX 2022-11-16 00:00:00: num controls = 154


Bootstrap 2 --> 4000: 1 810 BH7 6DF 2022-05-17 00:00:00: num controls = 563


Bootstrap 24 --> 71000: 3 STYLES SL5 9QD 2007-09-04 00:00:00: num controls = 16


Bootstrap 24 --> 49000: 20 SE9 5BJ 2005-03-16 00:00:00: num controls = 88


Bootstrap 81 --> 47000: 2 SO18 6AB 2014-03-14 00:00:00: num controls = 83


Bootstrap 81 --> 69000: 3 GREENLANDS CR2 8LE 2017-02-17 00:00:00: num controls = 161


Bootstrap 2 --> 41000: 2 28 SW17 0QJ 2014-05-23 00:00:00: num controls = 583


Bootstrap 81 --> 58000: 26 AL1 3XU 2023-09-04 00:00:00: num controls = 1029


Bootstrap 88 --> 47000: 2 SO18 6AB 2014-03-14 00:00:00: num controls = 73


Bootstrap 5 --> 38000: 196 NE16 5XB 2011-06-27 00:00:00: num controls = 72


Bootstrap 2 --> 2000: 1 280 SW18 3RG 2018-07-13 00:00:00: num controls = 3251


Bootstrap 16 --> 51000: 21 SOUTH VIEW COURT SE19 3EJ 2014-08-19 00:00:00: num controls = 443


Bootstrap 5 --> 71000: 3 STYLES SL5 9QD 2007-09-04 00:00:00: num controls = 17


Bootstrap 5 --> 49000: 20 SE9 5BJ 2005-03-16 00:00:00: num controls = 70


Bootstrap 88 --> 69000: 3 GREENLANDS CR2 8LE 2017-02-17 00:00:00: num controls = 168


Bootstrap 16 --> 62000: 29 CV34 4NJ 2023-10-25 00:00:00: num controls = 1014


Bootstrap 16 --> 44000: 2 BOULEVARD COURT 6 SS2 4PF 2021-08-17 00:00:00: num controls = 346


Bootstrap 81 --> 40000: 2 17 TN39 3PH 2023-02-03 00:00:00: num controls = 182


Bootstrap 24 --> 47000: 2 SO18 6AB 2014-03-14 00:00:00: num controls = 88


Bootstrap 81 --> 42000: 2 45A NN1 5EP 2022-04-01 00:00:00: num controls = 188


Bootstrap 88 --> 58000: 26 AL1 3XU 2023-09-04 00:00:00: num controls = 979


Bootstrap 88 --> 40000: 2 17 TN39 3PH 2023-02-03 00:00:00: num controls = 199


Bootstrap 88 --> 42000: 2 45A NN1 5EP 2022-04-01 00:00:00: num controls = 197


Bootstrap 16 --> 60000: 27 ROSSETTI GARDEN MANSIONS SW3 5QX 2022-11-16 00:00:00: num controls = 161


Bootstrap 16 --> 49000: 20 SE9 5BJ 2005-03-16 00:00:00: num controls = 92


Bootstrap 2 --> 50000: 21 ALFORD HOUSE N6 5AL 2010-12-23 00:00:00: num controls = 547


Bootstrap 5 --> 47000: 2 SO18 6AB 2014-03-14 00:00:00: num controls = 73


Bootstrap 16 --> 71000: 3 STYLES SL5 9QD 2007-09-04 00:00:00: num controls = 21


Bootstrap 24 --> 58000: 26 AL1 3XU 2023-09-04 00:00:00: num controls = 1009


Bootstrap 2 --> 59000: 262 E2 0BY 2018-02-15 00:00:00: num controls = 714


Bootstrap 24 --> 40000: 2 17 TN39 3PH 2023-02-03 00:00:00: num controls = 177


Bootstrap 24 --> 69000: 3 GREENLANDS CR2 8LE 2017-02-17 00:00:00: num controls = 145


Bootstrap 81 --> 56000: 24 SOUTHCOTE MANOR 186 RG30 3HR 2009-12-17 00:00:00: num controls = 203


Bootstrap 2 --> 39000: 2 1-6 NW1 6UG 2019-03-29 00:00:00: num controls = 451


Bootstrap 5 --> 58000: 26 AL1 3XU 2023-09-04 00:00:00: num controls = 1057


Bootstrap 5 --> 69000: 3 GREENLANDS CR2 8LE 2017-02-17 00:00:00: num controls = 153


Bootstrap 16 --> 47000: 2 SO18 6AB 2014-03-14 00:00:00: num controls = 85


Bootstrap 5 --> 40000: 2 17 TN39 3PH 2023-02-03 00:00:00: num controls = 157


Bootstrap 24 --> 42000: 2 45A NN1 5EP 2022-04-01 00:00:00: num controls = 196


Bootstrap 88 --> 56000: 24 SOUTHCOTE MANOR 186 RG30 3HR 2009-12-17 00:00:00: num controls = 242


Bootstrap 5 --> 42000: 2 45A NN1 5EP 2022-04-01 00:00:00: num controls = 237


Bootstrap 24 --> 73000: 31 CR0 5PS 2011-07-28 00:00:00: num controls = 163


Bootstrap 24 --> 56000: 24 SOUTHCOTE MANOR 186 RG30 3HR 2009-12-17 00:00:00: num controls = 223


Bootstrap 2 --> 37000: 19 JASMINE COURT 152 SM1 2TZ 2020-04-01 00:00:00: num controls = 864


Bootstrap 81 --> 45000: 2 FISHER HOUSE SL5 9RP 2015-05-29 00:00:00: num controls = 71


Bootstrap 16 --> 40000: 2 17 TN39 3PH 2023-02-03 00:00:00: num controls = 186


Bootstrap 16 --> 69000: 3 GREENLANDS CR2 8LE 2017-02-17 00:00:00: num controls = 169


Bootstrap 5 --> 56000: 24 SOUTHCOTE MANOR 186 RG30 3HR 2009-12-17 00:00:00: num controls = 200


Bootstrap 2 --> 48000: 20 ARMADALE COURT RG30 2DF 2018-04-16 00:00:00: num controls = 394


Bootstrap 16 --> 42000: 2 45A NN1 5EP 2022-04-01 00:00:00: num controls = 208


Bootstrap 16 --> 58000: 26 AL1 3XU 2023-09-04 00:00:00: num controls = 968


Bootstrap 88 --> 45000: 2 FISHER HOUSE SL5 9RP 2015-05-29 00:00:00: num controls = 61


Bootstrap 2 --> 70000: 3 NG7 2HY 2022-12-16 00:00:00: num controls = 597


Bootstrap 2 --> 57000: 25 GUILLEMOT COURT SE8 5UU 2020-05-21 00:00:00: num controls = 390


Bootstrap 16 --> 73000: 31 CR0 5PS 2011-07-28 00:00:00: num controls = 157


Bootstrap 88 --> 63000: 2A 23 SW15 6BE 2009-10-23 00:00:00: num controls = 123


Bootstrap 81 --> 63000: 2A 23 SW15 6BE 2009-10-23 00:00:00: num controls = 129


Bootstrap 81 --> 77000: 35 DN36 5BW 2020-11-16 00:00:00: num controls = 132


Bootstrap 81 --> 67000: 3 76 BR3 6QH 2010-06-25 00:00:00: num controls = 311


Bootstrap 88 --> 67000: 3 76 BR3 6QH 2010-06-25 00:00:00: num controls = 282


Bootstrap 24 --> 45000: 2 FISHER HOUSE SL5 9RP 2015-05-29 00:00:00: num controls = 69


Bootstrap 81 --> 61000: 28 HP4 3EN 2008-03-07 00:00:00: num controls = 494


Bootstrap 81 --> 72000: 30 GU9 0NE 2021-12-15 00:00:00: num controls = 268


Bootstrap 81 --> 52000: 22 CENTRIUM GU22 7PB 2017-11-28 00:00:00: num controls = 88


Bootstrap 5 --> 45000: 2 FISHER HOUSE SL5 9RP 2015-05-29 00:00:00: num controls = 67


Bootstrap 16 --> 56000: 24 SOUTHCOTE MANOR 186 RG30 3HR 2009-12-17 00:00:00: num controls = 210


Bootstrap 88 --> 72000: 30 GU9 0NE 2021-12-15 00:00:00: num controls = 263


Bootstrap 81 --> 65000: 3 237 N1 1RU 2022-07-08 00:00:00: num controls = 4425


Bootstrap 88 --> 61000: 28 HP4 3EN 2008-03-07 00:00:00: num controls = 461


Bootstrap 88 --> 77000: 35 DN36 5BW 2020-11-16 00:00:00: num controls = 161


Bootstrap 88 --> 52000: 22 CENTRIUM GU22 7PB 2017-11-28 00:00:00: num controls = 84


Bootstrap 2 --> 68000: 3 BURRELL COURT CH42 8JS 2011-11-09 00:00:00: num controls = 117


Bootstrap 88 --> 65000: 3 237 N1 1RU 2022-07-08 00:00:00: num controls = 4303


Bootstrap 24 --> 63000: 2A 23 SW15 6BE 2009-10-23 00:00:00: num controls = 98


Bootstrap 5 --> 67000: 3 76 BR3 6QH 2010-06-25 00:00:00: num controls = 299


Bootstrap 2 --> 46000: 2 MERRIEVALE COURT WR14 3NE 2019-01-18 00:00:00: num controls = 324


Bootstrap 5 --> 63000: 2A 23 SW15 6BE 2009-10-23 00:00:00: num controls = 123


Bootstrap 24 --> 67000: 3 76 BR3 6QH 2010-06-25 00:00:00: num controls = 279


Bootstrap 24 --> 77000: 35 DN36 5BW 2020-11-16 00:00:00: num controls = 142


Bootstrap 24 --> 52000: 22 CENTRIUM GU22 7PB 2017-11-28 00:00:00: num controls = 87


Bootstrap 24 --> 72000: 30 GU9 0NE 2021-12-15 00:00:00: num controls = 288


Bootstrap 88 --> 75000: 33 BS30 8XD 2016-10-21 00:00:00: num controls = 91


Bootstrap 81 --> 75000: 33 BS30 8XD 2016-10-21 00:00:00: num controls = 81


Bootstrap 24 --> 61000: 28 HP4 3EN 2008-03-07 00:00:00: num controls = 452


Bootstrap 24 --> 65000: 3 237 N1 1RU 2022-07-08 00:00:00: num controls = 4375


Bootstrap 5 --> 72000: 30 GU9 0NE 2021-12-15 00:00:00: num controls = 252


Bootstrap 24 --> 75000: 33 BS30 8XD 2016-10-21 00:00:00: num controls = 69


Bootstrap 5 --> 61000: 28 HP4 3EN 2008-03-07 00:00:00: num controls = 473


Bootstrap 5 --> 52000: 22 CENTRIUM GU22 7PB 2017-11-28 00:00:00: num controls = 81


Bootstrap 5 --> 77000: 35 DN36 5BW 2020-11-16 00:00:00: num controls = 171


Bootstrap 16 --> 45000: 2 FISHER HOUSE SL5 9RP 2015-05-29 00:00:00: num controls = 58


Bootstrap 5 --> 65000: 3 237 N1 1RU 2022-07-08 00:00:00: num controls = 4370


Bootstrap 81 --> 86000: 4 GU9 9EG 2021-11-03 00:00:00: num controls = 743


Bootstrap 81 --> 97000: 5 86 TN34 2LJ 2021-12-22 00:00:00: num controls = 758


Bootstrap 2 --> 55000: 23C W11 1HS 2021-03-29 00:00:00: num controls = 938


Bootstrap 88 --> 97000: 5 86 TN34 2LJ 2021-12-22 00:00:00: num controls = 758


Bootstrap 2 --> 66000: 3 43 BH5 1HA 2018-09-03 00:00:00: num controls = 439


Bootstrap 16 --> 77000: 35 DN36 5BW 2020-11-16 00:00:00: num controls = 137


Bootstrap 81 --> 73000: 31 CR0 5PS 2011-07-28 00:00:00: num controls = 181


Bootstrap 88 --> 86000: 4 GU9 9EG 2021-11-03 00:00:00: num controls = 754


Bootstrap 88 --> 73000: 31 CR0 5PS 2011-07-28 00:00:00: num controls = 159


Bootstrap 16 --> 72000: 30 GU9 0NE 2021-12-15 00:00:00: num controls = 238


Bootstrap 2 --> 53000: 22 WV6 0LT 2014-12-02 00:00:00: num controls = 255


Bootstrap 16 --> 63000: 2A 23 SW15 6BE 2009-10-23 00:00:00: num controls = 127


Bootstrap 5 --> 75000: 33 BS30 8XD 2016-10-21 00:00:00: num controls = 72


Bootstrap 16 --> 67000: 3 76 BR3 6QH 2010-06-25 00:00:00: num controls = 288


Bootstrap 16 --> 61000: 28 HP4 3EN 2008-03-07 00:00:00: num controls = 496


Bootstrap 16 --> 52000: 22 CENTRIUM GU22 7PB 2017-11-28 00:00:00: num controls = 69


Bootstrap 16 --> 75000: 33 BS30 8XD 2016-10-21 00:00:00: num controls = 79


Bootstrap 81 --> 95000: 49A HA6 1DT 2020-10-07 00:00:00: num controls = 413


Bootstrap 88 --> 95000: 49A HA6 1DT 2020-10-07 00:00:00: num controls = 393


Bootstrap 16 --> 65000: 3 237 N1 1RU 2022-07-08 00:00:00: num controls = 4218


Bootstrap 24 --> 97000: 5 86 TN34 2LJ 2021-12-22 00:00:00: num controls = 749


Bootstrap 24 --> 86000: 4 GU9 9EG 2021-11-03 00:00:00: num controls = 731


Bootstrap 2 --> 64000: 3 13 BN2 1FH 2020-10-26 00:00:00: num controls = 574


Bootstrap 5 --> 97000: 5 86 TN34 2LJ 2021-12-22 00:00:00: num controls = 755


Bootstrap 5 --> 86000: 4 GU9 9EG 2021-11-03 00:00:00: num controls = 740


Bootstrap 81 --> 93000: 46 JESSEL HOUSE SW1P 4BH 2022-11-01 00:00:00: num controls = 729


Bootstrap 24 --> 95000: 49A HA6 1DT 2020-10-07 00:00:00: num controls = 414


Bootstrap 5 --> 73000: 31 CR0 5PS 2011-07-28 00:00:00: num controls = 160


Bootstrap 24 --> 74000: 32 BUCKINGHAM MANSIONS BH1 2PG 2014-08-29 00:00:00: num controls = 415


Bootstrap 2 --> 62000: 29 CV34 4NJ 2023-10-25 00:00:00: num controls = 970


Bootstrap 81 --> 84000: 4 7 N2 8JF 2019-09-30 00:00:00: num controls = 252


Bootstrap 5 --> 95000: 49A HA6 1DT 2020-10-07 00:00:00: num controls = 384


Bootstrap 88 --> 93000: 46 JESSEL HOUSE SW1P 4BH 2022-11-01 00:00:00: num controls = 755


Bootstrap 2 --> 51000: 21 SOUTH VIEW COURT SE19 3EJ 2014-08-19 00:00:00: num controls = 414


Bootstrap 81 --> 91000: 43 E9 7EF 2015-11-13 00:00:00: num controls = 888


Bootstrap 81 --> 80000: 38 SW16 2XN 2007-05-18 00:00:00: num controls = 163


Bootstrap 88 --> 84000: 4 7 N2 8JF 2019-09-30 00:00:00: num controls = 256


Bootstrap 81 --> 102000: 51A N16 8RX 2011-02-03 00:00:00: num controls = 692


Bootstrap 16 --> 97000: 5 86 TN34 2LJ 2021-12-22 00:00:00: num controls = 778


Bootstrap 16 --> 86000: 4 GU9 9EG 2021-11-03 00:00:00: num controls = 708


Bootstrap 81 --> 82000: 4 14 TW1 2BS 2002-10-22 00:00:00: num controls = 142


Bootstrap 2 --> 44000: 2 BOULEVARD COURT 6 SS2 4PF 2021-08-17 00:00:00: num controls = 357


Bootstrap 81 --> 78000: 36 GU11 3JY 2015-10-15 00:00:00: num controls = 136


Bootstrap 88 --> 80000: 38 SW16 2XN 2007-05-18 00:00:00: num controls = 178


Bootstrap 88 --> 91000: 43 E9 7EF 2015-11-13 00:00:00: num controls = 838


Bootstrap 88 --> 102000: 51A N16 8RX 2011-02-03 00:00:00: num controls = 674


Bootstrap 81 --> 89000: 40 RG42 1FL 2020-08-21 00:00:00: num controls = 218


Bootstrap 88 --> 82000: 4 14 TW1 2BS 2002-10-22 00:00:00: num controls = 140


Bootstrap 88 --> 104000: 56 B35 6PB 2017-11-13 00:00:00: num controls = 611


Bootstrap 81 --> 100000: 5 SANDOWN COURT 27 TQ1 3JB 2016-12-16 00:00:00: num controls = 182


Bootstrap 81 --> 104000: 56 B35 6PB 2017-11-13 00:00:00: num controls = 587


Bootstrap 24 --> 93000: 46 JESSEL HOUSE SW1P 4BH 2022-11-01 00:00:00: num controls = 770


Bootstrap 24 --> 84000: 4 7 N2 8JF 2019-09-30 00:00:00: num controls = 270


Bootstrap 88 --> 100000: 5 SANDOWN COURT 27 TQ1 3JB 2016-12-16 00:00:00: num controls = 157


Bootstrap 16 --> 74000: 32 BUCKINGHAM MANSIONS BH1 2PG 2014-08-29 00:00:00: num controls = 450


Bootstrap 88 --> 89000: 40 RG42 1FL 2020-08-21 00:00:00: num controls = 216


Bootstrap 2 --> 60000: 27 ROSSETTI GARDEN MANSIONS SW3 5QX 2022-11-16 00:00:00: num controls = 188


Bootstrap 5 --> 93000: 46 JESSEL HOUSE SW1P 4BH 2022-11-01 00:00:00: num controls = 763


Bootstrap 16 --> 95000: 49A HA6 1DT 2020-10-07 00:00:00: num controls = 383


Bootstrap 5 --> 84000: 4 7 N2 8JF 2019-09-30 00:00:00: num controls = 280


Bootstrap 88 --> 78000: 36 GU11 3JY 2015-10-15 00:00:00: num controls = 141


Bootstrap 2 --> 71000: 3 STYLES SL5 9QD 2007-09-04 00:00:00: num controls = 17


Bootstrap 24 --> 80000: 38 SW16 2XN 2007-05-18 00:00:00: num controls = 145


Bootstrap 2 --> 49000: 20 SE9 5BJ 2005-03-16 00:00:00: num controls = 98


Bootstrap 24 --> 91000: 43 E9 7EF 2015-11-13 00:00:00: num controls = 883


Bootstrap 24 --> 82000: 4 14 TW1 2BS 2002-10-22 00:00:00: num controls = 134


Bootstrap 2 --> 38000: 196 NE16 5XB 2011-06-27 00:00:00: num controls = 68


Bootstrap 5 --> 80000: 38 SW16 2XN 2007-05-18 00:00:00: num controls = 161


Bootstrap 81 --> 87000: 4 OAKFIELD LS7 3JX 2018-07-13 00:00:00: num controls = 299


Bootstrap 24 --> 102000: 51A N16 8RX 2011-02-03 00:00:00: num controls = 711


Bootstrap 5 --> 104000: 56 B35 6PB 2017-11-13 00:00:00: num controls = 593


Bootstrap 24 --> 100000: 5 SANDOWN COURT 27 TQ1 3JB 2016-12-16 00:00:00: num controls = 178


Bootstrap 81 --> 98000: 5 CT9 3JL 2019-10-31 00:00:00: num controls = 320


Bootstrap 5 --> 91000: 43 E9 7EF 2015-11-13 00:00:00: num controls = 911


Bootstrap 24 --> 104000: 56 B35 6PB 2017-11-13 00:00:00: num controls = 593


Bootstrap 88 --> 76000: 34 BRAE COURT KT2 7QQ 2003-12-15 00:00:00: num controls = 82


Bootstrap 24 --> 78000: 36 GU11 3JY 2015-10-15 00:00:00: num controls = 133


Bootstrap 81 --> 76000: 34 BRAE COURT KT2 7QQ 2003-12-15 00:00:00: num controls = 73


Bootstrap 5 --> 82000: 4 14 TW1 2BS 2002-10-22 00:00:00: num controls = 125


Bootstrap 5 --> 100000: 5 SANDOWN COURT 27 TQ1 3JB 2016-12-16 00:00:00: num controls = 133


Bootstrap 5 --> 102000: 51A N16 8RX 2011-02-03 00:00:00: num controls = 703


Bootstrap 88 --> 98000: 5 CT9 3JL 2019-10-31 00:00:00: num controls = 300


Bootstrap 24 --> 89000: 40 RG42 1FL 2020-08-21 00:00:00: num controls = 180


Bootstrap 88 --> 87000: 4 OAKFIELD LS7 3JX 2018-07-13 00:00:00: num controls = 275


Bootstrap 5 --> 89000: 40 RG42 1FL 2020-08-21 00:00:00: num controls = 199


Bootstrap 16 --> 93000: 46 JESSEL HOUSE SW1P 4BH 2022-11-01 00:00:00: num controls = 778


Bootstrap 16 --> 84000: 4 7 N2 8JF 2019-09-30 00:00:00: num controls = 288


Bootstrap 24 --> 76000: 34 BRAE COURT KT2 7QQ 2003-12-15 00:00:00: num controls = 80


Bootstrap 5 --> 78000: 36 GU11 3JY 2015-10-15 00:00:00: num controls = 117


Bootstrap 2 --> 47000: 2 SO18 6AB 2014-03-14 00:00:00: num controls = 65


Bootstrap 2 --> 58000: 26 AL1 3XU 2023-09-04 00:00:00: num controls = 938


Bootstrap 16 --> 80000: 38 SW16 2XN 2007-05-18 00:00:00: num controls = 135


Bootstrap 16 --> 82000: 4 14 TW1 2BS 2002-10-22 00:00:00: num controls = 144


Bootstrap 16 --> 78000: 36 GU11 3JY 2015-10-15 00:00:00: num controls = 141


Bootstrap 16 --> 102000: 51A N16 8RX 2011-02-03 00:00:00: num controls = 718


Bootstrap 81 --> 74000: 32 BUCKINGHAM MANSIONS BH1 2PG 2014-08-29 00:00:00: num controls = 432


Bootstrap 2 --> 69000: 3 GREENLANDS CR2 8LE 2017-02-17 00:00:00: num controls = 130


Bootstrap 2 --> 40000: 2 17 TN39 3PH 2023-02-03 00:00:00: num controls = 159


Bootstrap 16 --> 91000: 43 E9 7EF 2015-11-13 00:00:00: num controls = 861


Bootstrap 24 --> 98000: 5 CT9 3JL 2019-10-31 00:00:00: num controls = 295


Bootstrap 88 --> 74000: 32 BUCKINGHAM MANSIONS BH1 2PG 2014-08-29 00:00:00: num controls = 423


Bootstrap 24 --> 87000: 4 OAKFIELD LS7 3JX 2018-07-13 00:00:00: num controls = 259


Bootstrap 2 --> 42000: 2 45A NN1 5EP 2022-04-01 00:00:00: num controls = 198


Bootstrap 5 --> 98000: 5 CT9 3JL 2019-10-31 00:00:00: num controls = 321


Bootstrap 16 --> 104000: 56 B35 6PB 2017-11-13 00:00:00: num controls = 605


Bootstrap 5 --> 87000: 4 OAKFIELD LS7 3JX 2018-07-13 00:00:00: num controls = 255


Bootstrap 5 --> 76000: 34 BRAE COURT KT2 7QQ 2003-12-15 00:00:00: num controls = 74


Bootstrap 16 --> 89000: 40 RG42 1FL 2020-08-21 00:00:00: num controls = 220


Bootstrap 16 --> 100000: 5 SANDOWN COURT 27 TQ1 3JB 2016-12-16 00:00:00: num controls = 168


Bootstrap 16 --> 76000: 34 BRAE COURT KT2 7QQ 2003-12-15 00:00:00: num controls = 65


Bootstrap 2 --> 56000: 24 SOUTHCOTE MANOR 186 RG30 3HR 2009-12-17 00:00:00: num controls = 201


Bootstrap 16 --> 87000: 4 OAKFIELD LS7 3JX 2018-07-13 00:00:00: num controls = 257


Bootstrap 81 --> 94000: 48 BH23 7HB 2017-08-25 00:00:00: num controls = 374


Bootstrap 16 --> 98000: 5 CT9 3JL 2019-10-31 00:00:00: num controls = 322


Bootstrap 5 --> 74000: 32 BUCKINGHAM MANSIONS BH1 2PG 2014-08-29 00:00:00: num controls = 446


Bootstrap 81 --> 101000: 50 2 W1G 9NF 2017-12-01 00:00:00: num controls = 291


Bootstrap 81 --> 96000: 5 20 BN1 3JA 2016-08-18 00:00:00: num controls = 577


Bootstrap 88 --> 96000: 5 20 BN1 3JA 2016-08-18 00:00:00: num controls = 542


Bootstrap 81 --> 92000: 44 WATERSIDE PLACE CM21 9RF 2014-05-30 00:00:00: num controls = 220


Bootstrap 81 --> 79000: 37 MONTROSE COURT SW7 2QQ 2012-06-11 00:00:00: num controls = 208


Bootstrap 81 --> 103000: 53A CR3 5TQ 2019-04-30 00:00:00: num controls = 257


Bootstrap 81 --> 81000: 39A KT5 8NF 2009-05-29 00:00:00: num controls = 90


Bootstrap 88 --> 101000: 50 2 W1G 9NF 2017-12-01 00:00:00: num controls = 307


Bootstrap 88 --> 94000: 48 BH23 7HB 2017-08-25 00:00:00: num controls = 340


Bootstrap 88 --> 81000: 39A KT5 8NF 2009-05-29 00:00:00: num controls = 70


Bootstrap 88 --> 103000: 53A CR3 5TQ 2019-04-30 00:00:00: num controls = 277


Bootstrap 24 --> 109000: 6 LAYTON COURT BH12 2BL 2011-09-23 00:00:00: num controls = 105


Bootstrap 88 --> 92000: 44 WATERSIDE PLACE CM21 9RF 2014-05-30 00:00:00: num controls = 229


Bootstrap 81 --> 90000: 41A NW10 4DE 2008-05-30 00:00:00: num controls = 42


Bootstrap 88 --> 105000: 58 CT19 6QU 2018-06-29 00:00:00: num controls = 601


Bootstrap 81 --> 99000: 5 LAURANCE COURT SL7 3BW 2006-04-28 00:00:00: num controls = 56


Bootstrap 81 --> 105000: 58 CT19 6QU 2018-06-29 00:00:00: num controls = 613


Bootstrap 81 --> 88000: 4 SW6 7DL 2021-05-28 00:00:00: num controls = 1488


Bootstrap 81 --> 107000: 6 77 W10 6JT 2017-04-19 00:00:00: num controls = 3571


Bootstrap 88 --> 99000: 5 LAURANCE COURT SL7 3BW 2006-04-28 00:00:00: num controls = 42


Bootstrap 88 --> 79000: 37 MONTROSE COURT SW7 2QQ 2012-06-11 00:00:00: num controls = 203


Bootstrap 88 --> 90000: 41A NW10 4DE 2008-05-30 00:00:00: num controls = 58


Bootstrap 24 --> 94000: 48 BH23 7HB 2017-08-25 00:00:00: num controls = 303


Bootstrap 2 --> 45000: 2 FISHER HOUSE SL5 9RP 2015-05-29 00:00:00: num controls = 80


Bootstrap 88 --> 107000: 6 77 W10 6JT 2017-04-19 00:00:00: num controls = 3702


Bootstrap 24 --> 101000: 50 2 W1G 9NF 2017-12-01 00:00:00: num controls = 281


Bootstrap 88 --> 88000: 4 SW6 7DL 2021-05-28 00:00:00: num controls = 1513


Bootstrap 24 --> 96000: 5 20 BN1 3JA 2016-08-18 00:00:00: num controls = 518


Bootstrap 5 --> 94000: 48 BH23 7HB 2017-08-25 00:00:00: num controls = 322


Bootstrap 5 --> 96000: 5 20 BN1 3JA 2016-08-18 00:00:00: num controls = 533


Bootstrap 5 --> 101000: 50 2 W1G 9NF 2017-12-01 00:00:00: num controls = 300


Bootstrap 24 --> 81000: 39A KT5 8NF 2009-05-29 00:00:00: num controls = 63


Bootstrap 81 --> 83000: 4 31 SW9 9LF 2017-05-16 00:00:00: num controls = 2837


Bootstrap 88 --> 83000: 4 31 SW9 9LF 2017-05-16 00:00:00: num controls = 2847


Bootstrap 24 --> 92000: 44 WATERSIDE PLACE CM21 9RF 2014-05-30 00:00:00: num controls = 258


Bootstrap 2 --> 63000: 2A 23 SW15 6BE 2009-10-23 00:00:00: num controls = 147


Bootstrap 24 --> 79000: 37 MONTROSE COURT SW7 2QQ 2012-06-11 00:00:00: num controls = 180


Bootstrap 24 --> 103000: 53A CR3 5TQ 2019-04-30 00:00:00: num controls = 283


Bootstrap 81 --> 113000: 65A SW12 0HP 2015-09-18 00:00:00: num controls = 202


Bootstrap 5 --> 81000: 39A KT5 8NF 2009-05-29 00:00:00: num controls = 62


Bootstrap 2 --> 67000: 3 76 BR3 6QH 2010-06-25 00:00:00: num controls = 291


Bootstrap 5 --> 92000: 44 WATERSIDE PLACE CM21 9RF 2014-05-30 00:00:00: num controls = 237


Bootstrap 5 --> 105000: 58 CT19 6QU 2018-06-29 00:00:00: num controls = 607


Bootstrap 24 --> 105000: 58 CT19 6QU 2018-06-29 00:00:00: num controls = 571


Bootstrap 5 --> 103000: 53A CR3 5TQ 2019-04-30 00:00:00: num controls = 246


Bootstrap 81 --> 111000: 60 QUEENS COURT LU5 4HH 2021-01-21 00:00:00: num controls = 734


Bootstrap 24 --> 107000: 6 77 W10 6JT 2017-04-19 00:00:00: num controls = 3560


Bootstrap 5 --> 79000: 37 MONTROSE COURT SW7 2QQ 2012-06-11 00:00:00: num controls = 214


Bootstrap 88 --> 113000: 65A SW12 0HP 2015-09-18 00:00:00: num controls = 196


Bootstrap 5 --> 107000: 6 77 W10 6JT 2017-04-19 00:00:00: num controls = 3638


Bootstrap 5 --> 90000: 41A NW10 4DE 2008-05-30 00:00:00: num controls = 76


Bootstrap 24 --> 99000: 5 LAURANCE COURT SL7 3BW 2006-04-28 00:00:00: num controls = 60


Bootstrap 24 --> 90000: 41A NW10 4DE 2008-05-30 00:00:00: num controls = 44


Bootstrap 2 --> 72000: 30 GU9 0NE 2021-12-15 00:00:00: num controls = 276


Bootstrap 5 --> 99000: 5 LAURANCE COURT SL7 3BW 2006-04-28 00:00:00: num controls = 58


Bootstrap 2 --> 77000: 35 DN36 5BW 2020-11-16 00:00:00: num controls = 176


Bootstrap 2 --> 52000: 22 CENTRIUM GU22 7PB 2017-11-28 00:00:00: num controls = 90


Bootstrap 24 --> 88000: 4 SW6 7DL 2021-05-28 00:00:00: num controls = 1580


Bootstrap 16 --> 109000: 6 LAYTON COURT BH12 2BL 2011-09-23 00:00:00: num controls = 92


Bootstrap 88 --> 111000: 60 QUEENS COURT LU5 4HH 2021-01-21 00:00:00: num controls = 673


Bootstrap 2 --> 61000: 28 HP4 3EN 2008-03-07 00:00:00: num controls = 525


Bootstrap 2 --> 65000: 3 237 N1 1RU 2022-07-08 00:00:00: num controls = 4427


Bootstrap 5 --> 88000: 4 SW6 7DL 2021-05-28 00:00:00: num controls = 1462


Bootstrap 24 --> 83000: 4 31 SW9 9LF 2017-05-16 00:00:00: num controls = 2747


Bootstrap 81 --> 109000: 6 LAYTON COURT BH12 2BL 2011-09-23 00:00:00: num controls = 96


Bootstrap 81 --> 131000: 9 WESTMORELAND COURT TN22 5DJ 2022-09-13 00:00:00: num controls = 63


Bootstrap 24 --> 113000: 65A SW12 0HP 2015-09-18 00:00:00: num controls = 220


Bootstrap 24 --> 111000: 60 QUEENS COURT LU5 4HH 2021-01-21 00:00:00: num controls = 698


Bootstrap 16 --> 94000: 48 BH23 7HB 2017-08-25 00:00:00: num controls = 312


Bootstrap 88 --> 109000: 6 LAYTON COURT BH12 2BL 2011-09-23 00:00:00: num controls = 100


Bootstrap 16 --> 96000: 5 20 BN1 3JA 2016-08-18 00:00:00: num controls = 521


Bootstrap 81 --> 122000: 8 28 SM2 5EP 2020-05-29 00:00:00: num controls = 1611


Bootstrap 5 --> 83000: 4 31 SW9 9LF 2017-05-16 00:00:00: num controls = 2769


Bootstrap 16 --> 79000: 37 MONTROSE COURT SW7 2QQ 2012-06-11 00:00:00: num controls = 178


Bootstrap 81 --> 120000: 74 SONTAN COURT TW2 5BU 2009-12-16 00:00:00: num controls = 33


Bootstrap 16 --> 105000: 58 CT19 6QU 2018-06-29 00:00:00: num controls = 580


Bootstrap 5 --> 113000: 65A SW12 0HP 2015-09-18 00:00:00: num controls = 202


Bootstrap 16 --> 103000: 53A CR3 5TQ 2019-04-30 00:00:00: num controls = 276


Bootstrap 16 --> 101000: 50 2 W1G 9NF 2017-12-01 00:00:00: num controls = 278


Bootstrap 88 --> 122000: 8 28 SM2 5EP 2020-05-29 00:00:00: num controls = 1604


Bootstrap 88 --> 131000: 9 WESTMORELAND COURT TN22 5DJ 2022-09-13 00:00:00: num controls = 83


Bootstrap 16 --> 81000: 39A KT5 8NF 2009-05-29 00:00:00: num controls = 84


Bootstrap 2 --> 75000: 33 BS30 8XD 2016-10-21 00:00:00: num controls = 76


Bootstrap 88 --> 120000: 74 SONTAN COURT TW2 5BU 2009-12-16 00:00:00: num controls = 19


Bootstrap 81 --> 129000: 9 EALING COURT MANSIONS W5 5EY 2022-04-22 00:00:00: num controls = 131


Bootstrap 16 --> 92000: 44 WATERSIDE PLACE CM21 9RF 2014-05-30 00:00:00: num controls = 215


Bootstrap 81 --> 118000: 7 STRATFORD COURT B72 1JH 2019-11-29 00:00:00: num controls = 169


Bootstrap 5 --> 111000: 60 QUEENS COURT LU5 4HH 2021-01-21 00:00:00: num controls = 668


Bootstrap 16 --> 99000: 5 LAURANCE COURT SL7 3BW 2006-04-28 00:00:00: num controls = 49


Bootstrap 16 --> 107000: 6 77 W10 6JT 2017-04-19 00:00:00: num controls = 3675


Bootstrap 16 --> 88000: 4 SW6 7DL 2021-05-28 00:00:00: num controls = 1542


Bootstrap 88 --> 118000: 7 STRATFORD COURT B72 1JH 2019-11-29 00:00:00: num controls = 165


Bootstrap 2 --> 86000: 4 GU9 9EG 2021-11-03 00:00:00: num controls = 750


Bootstrap 16 --> 90000: 41A NW10 4DE 2008-05-30 00:00:00: num controls = 45


Bootstrap 88 --> 129000: 9 EALING COURT MANSIONS W5 5EY 2022-04-22 00:00:00: num controls = 128


Bootstrap 81 --> 108000: 6 CROWN POINT HOUSE BN6 8HT 2014-01-31 00:00:00: num controls = 64


Bootstrap 2 --> 97000: 5 86 TN34 2LJ 2021-12-22 00:00:00: num controls = 766


Bootstrap 24 --> 122000: 8 28 SM2 5EP 2020-05-29 00:00:00: num controls = 1487


Bootstrap 24 --> 131000: 9 WESTMORELAND COURT TN22 5DJ 2022-09-13 00:00:00: num controls = 80


Bootstrap 16 --> 113000: 65A SW12 0HP 2015-09-18 00:00:00: num controls = 196


Bootstrap 88 --> 108000: 6 CROWN POINT HOUSE BN6 8HT 2014-01-31 00:00:00: num controls = 76


Bootstrap 5 --> 109000: 6 LAYTON COURT BH12 2BL 2011-09-23 00:00:00: num controls = 86


Bootstrap 5 --> 131000: 9 WESTMORELAND COURT TN22 5DJ 2022-09-13 00:00:00: num controls = 74


Bootstrap 5 --> 122000: 8 28 SM2 5EP 2020-05-29 00:00:00: num controls = 1514


Bootstrap 81 --> 116000: 7 CR0 5SN 2003-04-17 00:00:00: num controls = 184


Bootstrap 2 --> 73000: 31 CR0 5PS 2011-07-28 00:00:00: num controls = 155


Bootstrap 16 --> 83000: 4 31 SW9 9LF 2017-05-16 00:00:00: num controls = 2710


Bootstrap 24 --> 120000: 74 SONTAN COURT TW2 5BU 2009-12-16 00:00:00: num controls = 19


Bootstrap 88 --> 106000: 5B SG3 6AN 2011-01-07 00:00:00: num controls = 140


Bootstrap 16 --> 111000: 60 QUEENS COURT LU5 4HH 2021-01-21 00:00:00: num controls = 659


Bootstrap 88 --> 116000: 7 CR0 5SN 2003-04-17 00:00:00: num controls = 174


Bootstrap 5 --> 120000: 74 SONTAN COURT TW2 5BU 2009-12-16 00:00:00: num controls = 31


Bootstrap 81 --> 106000: 5B SG3 6AN 2011-01-07 00:00:00: num controls = 134


Bootstrap 81 --> 127000: 86D N19 4QR 2016-06-22 00:00:00: num controls = 1056


Bootstrap 2 --> 95000: 49A HA6 1DT 2020-10-07 00:00:00: num controls = 363


Bootstrap 24 --> 129000: 9 EALING COURT MANSIONS W5 5EY 2022-04-22 00:00:00: num controls = 145


Bootstrap 24 --> 118000: 7 STRATFORD COURT B72 1JH 2019-11-29 00:00:00: num controls = 157


Bootstrap 81 --> 125000: 8 THURLOW COURT E11 2HG 2012-11-13 00:00:00: num controls = 409


Bootstrap 88 --> 127000: 86D N19 4QR 2016-06-22 00:00:00: num controls = 1032


Bootstrap 5 --> 129000: 9 EALING COURT MANSIONS W5 5EY 2022-04-22 00:00:00: num controls = 133


Bootstrap 5 --> 118000: 7 STRATFORD COURT B72 1JH 2019-11-29 00:00:00: num controls = 189


Bootstrap 24 --> 108000: 6 CROWN POINT HOUSE BN6 8HT 2014-01-31 00:00:00: num controls = 57


Bootstrap 5 --> 108000: 6 CROWN POINT HOUSE BN6 8HT 2014-01-31 00:00:00: num controls = 59


Bootstrap 88 --> 125000: 8 THURLOW COURT E11 2HG 2012-11-13 00:00:00: num controls = 413


Bootstrap 81 --> 114000: 680A LU2 7UH 2016-06-15 00:00:00: num controls = 149


Bootstrap 24 --> 106000: 5B SG3 6AN 2011-01-07 00:00:00: num controls = 113


Bootstrap 88 --> 114000: 680A LU2 7UH 2016-06-15 00:00:00: num controls = 173


Bootstrap 81 --> 112000: 63 B14 7PS 2012-11-06 00:00:00: num controls = 585


Bootstrap 24 --> 116000: 7 CR0 5SN 2003-04-17 00:00:00: num controls = 186


Bootstrap 5 --> 106000: 5B SG3 6AN 2011-01-07 00:00:00: num controls = 133


Bootstrap 16 --> 122000: 8 28 SM2 5EP 2020-05-29 00:00:00: num controls = 1580


Bootstrap 2 --> 93000: 46 JESSEL HOUSE SW1P 4BH 2022-11-01 00:00:00: num controls = 749


Bootstrap 2 --> 84000: 4 7 N2 8JF 2019-09-30 00:00:00: num controls = 271


Bootstrap 5 --> 116000: 7 CR0 5SN 2003-04-17 00:00:00: num controls = 190


Bootstrap 16 --> 120000: 74 SONTAN COURT TW2 5BU 2009-12-16 00:00:00: num controls = 24


Bootstrap 88 --> 112000: 63 B14 7PS 2012-11-06 00:00:00: num controls = 552


Bootstrap 81 --> 130000: 9 OAKWAY COURT 23 BN3 2TH 2004-07-20 00:00:00: num controls = 182


Bootstrap 81 --> 123000: 8 CURZON HOUSE BN2 8LU 2015-01-16 00:00:00: num controls = 297


Bootstrap 5 --> 127000: 86D N19 4QR 2016-06-22 00:00:00: num controls = 1062


Bootstrap 16 --> 131000: 9 WESTMORELAND COURT TN22 5DJ 2022-09-13 00:00:00: num controls = 68


Bootstrap 16 --> 118000: 7 STRATFORD COURT B72 1JH 2019-11-29 00:00:00: num controls = 198


Bootstrap 24 --> 127000: 86D N19 4QR 2016-06-22 00:00:00: num controls = 997


Bootstrap 24 --> 125000: 8 THURLOW COURT E11 2HG 2012-11-13 00:00:00: num controls = 435


Bootstrap 81 --> 132000: 95 CHRISTCHURCH HOUSE SW2 3UD 2023-10-09 00:00:00: num controls = 4255


Bootstrap 2 --> 82000: 4 14 TW1 2BS 2002-10-22 00:00:00: num controls = 131


Bootstrap 2 --> 80000: 38 SW16 2XN 2007-05-18 00:00:00: num controls = 141


Bootstrap 5 --> 125000: 8 THURLOW COURT E11 2HG 2012-11-13 00:00:00: num controls = 413


Bootstrap 81 --> 119000: 71 N9 9GA 2012-07-31 00:00:00: num controls = 98


Bootstrap 88 --> 130000: 9 OAKWAY COURT 23 BN3 2TH 2004-07-20 00:00:00: num controls = 176


Bootstrap 16 --> 108000: 6 CROWN POINT HOUSE BN6 8HT 2014-01-31 00:00:00: num controls = 67


Bootstrap 24 --> 114000: 680A LU2 7UH 2016-06-15 00:00:00: num controls = 158


Bootstrap 2 --> 102000: 51A N16 8RX 2011-02-03 00:00:00: num controls = 684


Bootstrap 2 --> 91000: 43 E9 7EF 2015-11-13 00:00:00: num controls = 926


Bootstrap 24 --> 112000: 63 B14 7PS 2012-11-06 00:00:00: num controls = 551


Bootstrap 81 --> 121000: 78 HERMITAGE COURT E18 2EP 2003-09-11 00:00:00: num controls = 156


Bootstrap 88 --> 119000: 71 N9 9GA 2012-07-31 00:00:00: num controls = 102


Bootstrap 2 --> 104000: 56 B35 6PB 2017-11-13 00:00:00: num controls = 621


Bootstrap 2 --> 100000: 5 SANDOWN COURT 27 TQ1 3JB 2016-12-16 00:00:00: num controls = 138


Bootstrap 16 --> 106000: 5B SG3 6AN 2011-01-07 00:00:00: num controls = 123


Bootstrap 81 --> 142000: SECOND AND THIRD FLOOR 9 W11 1NS 2011-06-06 00:00:00: num controls = 225


Bootstrap 88 --> 121000: 78 HERMITAGE COURT E18 2EP 2003-09-11 00:00:00: num controls = 162


Bootstrap 5 --> 114000: 680A LU2 7UH 2016-06-15 00:00:00: num controls = 139


Bootstrap 88 --> 142000: SECOND AND THIRD FLOOR 9 W11 1NS 2011-06-06 00:00:00: num controls = 218


Bootstrap 88 --> 132000: 95 CHRISTCHURCH HOUSE SW2 3UD 2023-10-09 00:00:00: num controls = 4266


Bootstrap 2 --> 89000: 40 RG42 1FL 2020-08-21 00:00:00: num controls = 234


Bootstrap 81 --> 117000: 7 LYNTON COURT W3 6PN 2018-11-26 00:00:00: num controls = 1945


Bootstrap 2 --> 78000: 36 GU11 3JY 2015-10-15 00:00:00: num controls = 118


Bootstrap 16 --> 129000: 9 EALING COURT MANSIONS W5 5EY 2022-04-22 00:00:00: num controls = 127


Bootstrap 16 --> 116000: 7 CR0 5SN 2003-04-17 00:00:00: num controls = 196


Bootstrap 81 --> 136000: C 34 SW17 7HG 2020-04-08 00:00:00: num controls = 1729


Bootstrap 88 --> 117000: 7 LYNTON COURT W3 6PN 2018-11-26 00:00:00: num controls = 1959


Bootstrap 88 --> 136000: C 34 SW17 7HG 2020-04-08 00:00:00: num controls = 1780


Bootstrap 24 --> 123000: 8 CURZON HOUSE BN2 8LU 2015-01-16 00:00:00: num controls = 317


Bootstrap 88 --> 140000: GROUND FLOOR 25 N5 2QX 2007-04-13 00:00:00: num controls = 204


Bootstrap 81 --> 140000: GROUND FLOOR 25 N5 2QX 2007-04-13 00:00:00: num controls = 199


Bootstrap 81 --> 134000: A1 12 LS6 1AD 2018-01-31 00:00:00: num controls = 150


Bootstrap 5 --> 112000: 63 B14 7PS 2012-11-06 00:00:00: num controls = 580


Bootstrap 88 --> 134000: A1 12 LS6 1AD 2018-01-31 00:00:00: num controls = 171


Bootstrap 88 --> 138000: FIRST FLOOR 27 BN2 1JA 2016-11-25 00:00:00: num controls = 856


Bootstrap 24 --> 130000: 9 OAKWAY COURT 23 BN3 2TH 2004-07-20 00:00:00: num controls = 162


Bootstrap 5 --> 123000: 8 CURZON HOUSE BN2 8LU 2015-01-16 00:00:00: num controls = 328


Bootstrap 81 --> 138000: FIRST FLOOR 27 BN2 1JA 2016-11-25 00:00:00: num controls = 876


Bootstrap 24 --> 132000: 95 CHRISTCHURCH HOUSE SW2 3UD 2023-10-09 00:00:00: num controls = 4342


Bootstrap 16 --> 114000: 680A LU2 7UH 2016-06-15 00:00:00: num controls = 135


Bootstrap 5 --> 130000: 9 OAKWAY COURT 23 BN3 2TH 2004-07-20 00:00:00: num controls = 167


Bootstrap 2 --> 87000: 4 OAKFIELD LS7 3JX 2018-07-13 00:00:00: num controls = 306


Bootstrap 24 --> 119000: 71 N9 9GA 2012-07-31 00:00:00: num controls = 92


Bootstrap 24 --> 142000: SECOND AND THIRD FLOOR 9 W11 1NS 2011-06-06 00:00:00: num controls = 211


Bootstrap 24 --> 121000: 78 HERMITAGE COURT E18 2EP 2003-09-11 00:00:00: num controls = 139


Bootstrap 5 --> 132000: 95 CHRISTCHURCH HOUSE SW2 3UD 2023-10-09 00:00:00: num controls = 4278


Bootstrap 81 --> 126000: 82 WHITELANDS HOUSE SW3 4QZ 2017-06-09 00:00:00: num controls = 222


Bootstrap 88 --> 126000: 82 WHITELANDS HOUSE SW3 4QZ 2017-06-09 00:00:00: num controls = 232


Bootstrap 16 --> 125000: 8 THURLOW COURT E11 2HG 2012-11-13 00:00:00: num controls = 431


Bootstrap 2 --> 98000: 5 CT9 3JL 2019-10-31 00:00:00: num controls = 318


Bootstrap 5 --> 119000: 71 N9 9GA 2012-07-31 00:00:00: num controls = 101


Bootstrap 81 --> 128000: 9 17-19 BN3 2TH 2019-03-29 00:00:00: num controls = 288


Bootstrap 16 --> 112000: 63 B14 7PS 2012-11-06 00:00:00: num controls = 586


Bootstrap 24 --> 140000: GROUND FLOOR 25 N5 2QX 2007-04-13 00:00:00: num controls = 232


Bootstrap 5 --> 121000: 78 HERMITAGE COURT E18 2EP 2003-09-11 00:00:00: num controls = 139


Bootstrap 24 --> 117000: 7 LYNTON COURT W3 6PN 2018-11-26 00:00:00: num controls = 1959


Bootstrap 5 --> 142000: SECOND AND THIRD FLOOR 9 W11 1NS 2011-06-06 00:00:00: num controls = 214


Bootstrap 88 --> 128000: 9 17-19 BN3 2TH 2019-03-29 00:00:00: num controls = 247


Bootstrap 24 --> 136000: C 34 SW17 7HG 2020-04-08 00:00:00: num controls = 1744


Bootstrap 2 --> 76000: 34 BRAE COURT KT2 7QQ 2003-12-15 00:00:00: num controls = 59


Bootstrap 16 --> 127000: 86D N19 4QR 2016-06-22 00:00:00: num controls = 1071


Bootstrap 24 --> 138000: FIRST FLOOR 27 BN2 1JA 2016-11-25 00:00:00: num controls = 836


Bootstrap 5 --> 117000: 7 LYNTON COURT W3 6PN 2018-11-26 00:00:00: num controls = 2009


Bootstrap 24 --> 134000: A1 12 LS6 1AD 2018-01-31 00:00:00: num controls = 165


Bootstrap 81 --> 124000: 8 MEADWAY COURT NW11 6PN 2014-11-07 00:00:00: num controls = 130


Bootstrap 5 --> 140000: GROUND FLOOR 25 N5 2QX 2007-04-13 00:00:00: num controls = 230


Bootstrap 81 --> 115000: 7 33 BN3 1JE 2017-12-01 00:00:00: num controls = 3448


Bootstrap 5 --> 136000: C 34 SW17 7HG 2020-04-08 00:00:00: num controls = 1679


Bootstrap 16 --> 123000: 8 CURZON HOUSE BN2 8LU 2015-01-16 00:00:00: num controls = 266


Bootstrap 88 --> 115000: 7 33 BN3 1JE 2017-12-01 00:00:00: num controls = 3350


Bootstrap 5 --> 134000: A1 12 LS6 1AD 2018-01-31 00:00:00: num controls = 146


Bootstrap 5 --> 138000: FIRST FLOOR 27 BN2 1JA 2016-11-25 00:00:00: num controls = 860


Bootstrap 81 --> 133000: 9B CR0 2BS 2004-11-30 00:00:00: num controls = 100


Bootstrap 16 --> 119000: 71 N9 9GA 2012-07-31 00:00:00: num controls = 107


Bootstrap 2 --> 74000: 32 BUCKINGHAM MANSIONS BH1 2PG 2014-08-29 00:00:00: num controls = 414


Bootstrap 24 --> 126000: 82 WHITELANDS HOUSE SW3 4QZ 2017-06-09 00:00:00: num controls = 259


Bootstrap 16 --> 142000: SECOND AND THIRD FLOOR 9 W11 1NS 2011-06-06 00:00:00: num controls = 231


Bootstrap 88 --> 133000: 9B CR0 2BS 2004-11-30 00:00:00: num controls = 97


Bootstrap 81 --> 137000: E 23 W11 1BN 2010-11-12 00:00:00: num controls = 540


Bootstrap 5 --> 126000: 82 WHITELANDS HOUSE SW3 4QZ 2017-06-09 00:00:00: num controls = 259


Bootstrap 16 --> 121000: 78 HERMITAGE COURT E18 2EP 2003-09-11 00:00:00: num controls = 142


Bootstrap 16 --> 130000: 9 OAKWAY COURT 23 BN3 2TH 2004-07-20 00:00:00: num controls = 164


Bootstrap 81 --> 141000: GROUND FLOOR 9 NW10 5XU 2014-06-02 00:00:00: num controls = 134


Bootstrap 24 --> 128000: 9 17-19 BN3 2TH 2019-03-29 00:00:00: num controls = 290


Bootstrap 16 --> 117000: 7 LYNTON COURT W3 6PN 2018-11-26 00:00:00: num controls = 1963


Bootstrap 81 --> 135000: B15 PINE GRANGE BH1 2PQ 2009-08-06 00:00:00: num controls = 52


Bootstrap 24 --> 124000: 8 MEADWAY COURT NW11 6PN 2014-11-07 00:00:00: num controls = 141


Bootstrap 88 --> 137000: E 23 W11 1BN 2010-11-12 00:00:00: num controls = 504


Bootstrap 81 --> 139000: GA ST JOHNS WHARF 104-106 E1W 2PR 2016-06-24 00:00:00: num controls = 670


Bootstrap 88 --> 141000: GROUND FLOOR 9 NW10 5XU 2014-06-02 00:00:00: num controls = 134


Bootstrap 5 --> 128000: 9 17-19 BN3 2TH 2019-03-29 00:00:00: num controls = 256


Bootstrap 16 --> 140000: GROUND FLOOR 25 N5 2QX 2007-04-13 00:00:00: num controls = 247


Bootstrap 88 --> 143000: THIRD FLOOR 43 SW1V 3QN 2021-12-07 00:00:00: num controls = 705


Bootstrap 16 --> 132000: 95 CHRISTCHURCH HOUSE SW2 3UD 2023-10-09 00:00:00: num controls = 4271


Bootstrap 88 --> 135000: B15 PINE GRANGE BH1 2PQ 2009-08-06 00:00:00: num controls = 48


Bootstrap 16 --> 138000: FIRST FLOOR 27 BN2 1JA 2016-11-25 00:00:00: num controls = 879


Bootstrap 24 --> 115000: 7 33 BN3 1JE 2017-12-01 00:00:00: num controls = 3338


Bootstrap 88 --> 139000: GA ST JOHNS WHARF 104-106 E1W 2PR 2016-06-24 00:00:00: num controls = 687


Bootstrap 5 --> 124000: 8 MEADWAY COURT NW11 6PN 2014-11-07 00:00:00: num controls = 152


Bootstrap 16 --> 136000: C 34 SW17 7HG 2020-04-08 00:00:00: num controls = 1762


Bootstrap 16 --> 134000: A1 12 LS6 1AD 2018-01-31 00:00:00: num controls = 143


Bootstrap 5 --> 115000: 7 33 BN3 1JE 2017-12-01 00:00:00: num controls = 3292


Bootstrap 24 --> 133000: 9B CR0 2BS 2004-11-30 00:00:00: num controls = 114


Bootstrap 2 --> 101000: 50 2 W1G 9NF 2017-12-01 00:00:00: num controls = 289


Bootstrap 2 --> 94000: 48 BH23 7HB 2017-08-25 00:00:00: num controls = 313


Bootstrap 5 --> 133000: 9B CR0 2BS 2004-11-30 00:00:00: num controls = 108


Bootstrap 24 --> 143000: THIRD FLOOR 43 SW1V 3QN 2021-12-07 00:00:00: num controls = 712


Bootstrap 24 --> 137000: E 23 W11 1BN 2010-11-12 00:00:00: num controls = 495


Bootstrap 24 --> 141000: GROUND FLOOR 9 NW10 5XU 2014-06-02 00:00:00: num controls = 141


Bootstrap 16 --> 126000: 82 WHITELANDS HOUSE SW3 4QZ 2017-06-09 00:00:00: num controls = 264


Bootstrap 2 --> 96000: 5 20 BN1 3JA 2016-08-18 00:00:00: num controls = 543


Bootstrap 24 --> 135000: B15 PINE GRANGE BH1 2PQ 2009-08-06 00:00:00: num controls = 61


Bootstrap 16 --> 115000: 7 33 BN3 1JE 2017-12-01 00:00:00: num controls = 3277


Bootstrap 16 --> 124000: 8 MEADWAY COURT NW11 6PN 2014-11-07 00:00:00: num controls = 147


Bootstrap 24 --> 139000: GA ST JOHNS WHARF 104-106 E1W 2PR 2016-06-24 00:00:00: num controls = 685


Bootstrap 5 --> 141000: GROUND FLOOR 9 NW10 5XU 2014-06-02 00:00:00: num controls = 127


Bootstrap 5 --> 137000: E 23 W11 1BN 2010-11-12 00:00:00: num controls = 470


Bootstrap 5 --> 143000: THIRD FLOOR 43 SW1V 3QN 2021-12-07 00:00:00: num controls = 757


Bootstrap 2 --> 103000: 53A CR3 5TQ 2019-04-30 00:00:00: num controls = 306


Bootstrap 5 --> 135000: B15 PINE GRANGE BH1 2PQ 2009-08-06 00:00:00: num controls = 44


Bootstrap 2 --> 81000: 39A KT5 8NF 2009-05-29 00:00:00: num controls = 81


Bootstrap 2 --> 92000: 44 WATERSIDE PLACE CM21 9RF 2014-05-30 00:00:00: num controls = 207


Bootstrap 5 --> 139000: GA ST JOHNS WHARF 104-106 E1W 2PR 2016-06-24 00:00:00: num controls = 642


Bootstrap 16 --> 128000: 9 17-19 BN3 2TH 2019-03-29 00:00:00: num controls = 250


Bootstrap 2 --> 79000: 37 MONTROSE COURT SW7 2QQ 2012-06-11 00:00:00: num controls = 176


Bootstrap 2 --> 107000: 6 77 W10 6JT 2017-04-19 00:00:00: num controls = 3718


Bootstrap 2 --> 105000: 58 CT19 6QU 2018-06-29 00:00:00: num controls = 600


Bootstrap 2 --> 90000: 41A NW10 4DE 2008-05-30 00:00:00: num controls = 57


Bootstrap 2 --> 99000: 5 LAURANCE COURT SL7 3BW 2006-04-28 00:00:00: num controls = 48
Finished iteration 5.


Bootstrap 2 --> 88000: 4 SW6 7DL 2021-05-28 00:00:00: num controls = 1496
Time elapsed: 10330.098409891129


Bootstrap 2 --> 83000: 4 31 SW9 9LF 2017-05-16 00:00:00: num controls = 2691


Bootstrap 16 --> 133000: 9B CR0 2BS 2004-11-30 00:00:00: num controls = 66


Bootstrap 16 --> 143000: THIRD FLOOR 43 SW1V 3QN 2021-12-07 00:00:00: num controls = 741


Bootstrap 16 --> 141000: GROUND FLOOR 9 NW10 5XU 2014-06-02 00:00:00: num controls = 154


Bootstrap 16 --> 139000: GA ST JOHNS WHARF 104-106 E1W 2PR 2016-06-24 00:00:00: num controls = 613


Bootstrap 16 --> 137000: E 23 W11 1BN 2010-11-12 00:00:00: num controls = 480


Bootstrap 2 --> 113000: 65A SW12 0HP 2015-09-18 00:00:00: num controls = 216


Bootstrap 16 --> 135000: B15 PINE GRANGE BH1 2PQ 2009-08-06 00:00:00: num controls = 56


Bootstrap 2 --> 111000: 60 QUEENS COURT LU5 4HH 2021-01-21 00:00:00: num controls = 640


Bootstrap 2 --> 131000: 9 WESTMORELAND COURT TN22 5DJ 2022-09-13 00:00:00: num controls = 63


Bootstrap 2 --> 109000: 6 LAYTON COURT BH12 2BL 2011-09-23 00:00:00: num controls = 96


Bootstrap 2 --> 122000: 8 28 SM2 5EP 2020-05-29 00:00:00: num controls = 1510


Bootstrap 2 --> 120000: 74 SONTAN COURT TW2 5BU 2009-12-16 00:00:00: num controls = 39


Bootstrap 2 --> 118000: 7 STRATFORD COURT B72 1JH 2019-11-29 00:00:00: num controls = 192


Bootstrap 2 --> 129000: 9 EALING COURT MANSIONS W5 5EY 2022-04-22 00:00:00: num controls = 120


Bootstrap 2 --> 108000: 6 CROWN POINT HOUSE BN6 8HT 2014-01-31 00:00:00: num controls = 69


Bootstrap 2 --> 116000: 7 CR0 5SN 2003-04-17 00:00:00: num controls = 174


Bootstrap 2 --> 106000: 5B SG3 6AN 2011-01-07 00:00:00: num controls = 156


Bootstrap 2 --> 127000: 86D N19 4QR 2016-06-22 00:00:00: num controls = 1026


Bootstrap 2 --> 125000: 8 THURLOW COURT E11 2HG 2012-11-13 00:00:00: num controls = 416


Bootstrap 2 --> 114000: 680A LU2 7UH 2016-06-15 00:00:00: num controls = 147


Bootstrap 2 --> 112000: 63 B14 7PS 2012-11-06 00:00:00: num controls = 607


Bootstrap 2 --> 123000: 8 CURZON HOUSE BN2 8LU 2015-01-16 00:00:00: num controls = 314


Bootstrap 2 --> 130000: 9 OAKWAY COURT 23 BN3 2TH 2004-07-20 00:00:00: num controls = 179


Bootstrap 2 --> 132000: 95 CHRISTCHURCH HOUSE SW2 3UD 2023-10-09 00:00:00: num controls = 4307


Bootstrap 2 --> 119000: 71 N9 9GA 2012-07-31 00:00:00: num controls = 98


Bootstrap 2 --> 142000: SECOND AND THIRD FLOOR 9 W11 1NS 2011-06-06 00:00:00: num controls = 213


Bootstrap 2 --> 121000: 78 HERMITAGE COURT E18 2EP 2003-09-11 00:00:00: num controls = 130


Bootstrap 2 --> 117000: 7 LYNTON COURT W3 6PN 2018-11-26 00:00:00: num controls = 1900


Bootstrap 2 --> 140000: GROUND FLOOR 25 N5 2QX 2007-04-13 00:00:00: num controls = 236


Bootstrap 2 --> 136000: C 34 SW17 7HG 2020-04-08 00:00:00: num controls = 1804


Bootstrap 2 --> 134000: A1 12 LS6 1AD 2018-01-31 00:00:00: num controls = 159


Bootstrap 2 --> 138000: FIRST FLOOR 27 BN2 1JA 2016-11-25 00:00:00: num controls = 899


Bootstrap 2 --> 126000: 82 WHITELANDS HOUSE SW3 4QZ 2017-06-09 00:00:00: num controls = 237


Bootstrap 2 --> 128000: 9 17-19 BN3 2TH 2019-03-29 00:00:00: num controls = 269


Bootstrap 2 --> 124000: 8 MEADWAY COURT NW11 6PN 2014-11-07 00:00:00: num controls = 150


Bootstrap 2 --> 115000: 7 33 BN3 1JE 2017-12-01 00:00:00: num controls = 3349


Bootstrap 2 --> 133000: 9B CR0 2BS 2004-11-30 00:00:00: num controls = 101


Bootstrap 2 --> 143000: THIRD FLOOR 43 SW1V 3QN 2021-12-07 00:00:00: num controls = 754


Bootstrap 2 --> 141000: GROUND FLOOR 9 NW10 5XU 2014-06-02 00:00:00: num controls = 135


Bootstrap 2 --> 137000: E 23 W11 1BN 2010-11-12 00:00:00: num controls = 514


Bootstrap 2 --> 135000: B15 PINE GRANGE BH1 2PQ 2009-08-06 00:00:00: num controls = 60


Bootstrap 2 --> 139000: GA ST JOHNS WHARF 104-106 E1W 2PR 2016-06-24 00:00:00: num controls = 622
Finished iteration 2.
Time elapsed: 14846.518069267273
