Starting MAIN.
Num obs: 111560
Num obs: 115747
Num obs: 115206
Num obs: 115105
Num obs: 114413
Num obs: 111967
Num obs: 113379
Num obs: 115273
Num obs: 116523
Num obs: 116355
Num obs: 118821
Num obs: 114605
Num obs: 113859
Num obs: 112017
Num obs: 116170
Num obs: 114257
Num obs: 117080
Num obs: 111163
Num obs: 116619
Num obs: 116539
Num obs: 116143
Estimates: [3.50519112 3.52787464 3.51886562 3.49905424 3.51784033 3.48210259
 3.50509561 3.54387485 3.47093472 3.48117486 3.48087764 3.43674345
 3.45768162 3.46509045 3.48462206 3.48913621 3.4473119  3.47912841
 3.47504391 3.4837461  3.48641923 3.48734215 3.48104265 3.49934133
 3.47367424 3.46846335 3.48190573 3.50711022 3.50487965 3.4453417
 3.51466152 3.48838232 3.49955617 3.50910181 3.43693913 3.49120132
 3.51753875 3.54162178 3.48019274 3.53472989 3.51139841 3.48452554
 3.51634152 3.49525755 3.55814454 3.48211005 3.51363962 3.50299979
 3.46567898 3.49606943 3.51953936 3.45244292 3.48281275 3.46329282
 3.46488005 3.50975701 3.50145636 3.47424163 3.47791472 3.48451741
 3.52524631 3.47032578 3.5161836  3.46636592 3.46829803 3.47400621
 3.47510079 3.52240003 3.5393195  3.44860479 3.51180516 3.48510946
 3.4608775  3.49212522]
Num Estimates: 74
Bootstrap Std. Err.: 0.02571428390718179
Time elapsed: 91.95404267311096
