Running
Running
Running
Running
Running
Running
Running
Running
Running
Running
Running
Running
Running
Running
Running
Running
Running
Running
Running
Running
Dropped 3106575 impossible controls.
Dropped 3106575 impossible controls.
Dropped 3106575 impossible controls.
Dropped 3106575 impossible controls.
Dropped 3106575 impossible controls.
Dropped 3106575 impossible controls.
Dropped 3106575 impossible controls.
[12/20]:

Num Ext: 7337
Num Ctrl: 60103
 Local DF areas: ['L', 'ME', 'NW', 'TQ', 'WF', 'WN']

[16/20]:

Num Ext: 7347
Num Ctrl: 71731
 Local DF areas: ['CT', 'KT', 'MK', 'SP', 'TR', 'UB', 'WA']

[14/20]:

Num Ext: 7350
Num Ctrl: 77319
 Local DF areas: ['B', 'BS', 'CA', 'DA', 'GL', 'LA', 'SA']

[15/20]:

Num Ext: 7346
Num Ctrl: 79557
 Local DF areas: ['CH', 'CO', 'CW', 'HP', 'LN', 'NP', 'RM', 'TW']

[18/20]:

Num Ext: 7349
Num Ctrl: 91882
 Local DF areas: ['DL', 'GU', 'HG', 'LD', 'M', 'NN', 'RG', 'WD']

[17/20]:

Num Ext: 7354
Num Ctrl: 73413
 Local DF areas: ['BL', 'CF', 'HR', 'LE', 'NR', 'RH', 'TF', 'TN']

Dropped 3106575 impossible controls.
Dropped 3106575 impossible controls.
Dropped 3106575 impossible controls.
Dropped 3106575 impossible controls.
Dropped 3106575 impossible controls.
Dropped 3106575 impossible controls.
Dropped 3106575 impossible controls.
Dropped 3106575 impossible controls.
Dropped 3106575 impossible controls.
Dropped 3106575 impossible controls.
Dropped 3106575 impossible controls.
Dropped 3106575 impossible controls.
[19/20]:

Num Ext: 7345
Num Ctrl: 64278
 Local DF areas: ['CR', 'CV', 'EC', 'HD', 'NG', 'OL', 'SM', 'TA']

Dropped 3106575 impossible controls.
Bootstrap iter 92
==========


[11/20]:

Num Ext: 7349
Num Ctrl: 46363
 Local DF areas: ['BH', 'DN', 'LL', 'WR', 'WS']

[3/20]:

Num Ext: 7347
Num Ctrl: 47489
 Local DF areas: ['BN']

[10/20]:

Num Ext: 7340
Num Ctrl: 139813
 Local DF areas: ['BB', 'IG', 'LU', 'N', 'PO', 'PR', 'SN', 'SO', 'YO']

[5/20]:

Num Ext: 7347
Num Ctrl: 68132
 Local DF areas: ['SE']

[2/20]:

Num Ext: 7354
Num Ctrl: 159487
 Local DF areas: ['BD', 'CM', 'DH', 'EN', 'IP', 'OX', 'SK', 'SW']

[6/20]:

Num Ext: 7351
Num Ctrl: 125853
 Local DF areas: ['BA', 'HA', 'HU', 'LS', 'SE', 'SS', 'ST', 'WC']

[9/20]:

Num Ext: 7347
Num Ctrl: 52595
 Local DF areas: ['N']

[7/20]:

Num Ext: 7347
Num Ctrl: 41832
 Local DF areas: ['W']

[1/20]:

Num Ext: 7347
Num Ctrl: 88043
 Local DF areas: ['SW']

[4/20]:

Num Ext: 7353
Num Ctrl: 98781
 Local DF areas: ['BN', 'DE', 'DT', 'NE', 'PE', 'SG', 'SY', 'TD']

[8/20]:

Num Ext: 7342
Num Ctrl: 99111
 Local DF areas: ['AL', 'BR', 'CB', 'FY', 'HX', 'S', 'SL', 'W', 'WV']

[13/20]:

Num Ext: 7344
Num Ctrl: 75621
 Local DF areas: ['DY', 'E', 'EX', 'PL', 'SR', 'TS']

[0/20]:

Num Ext: 7347
Num Ctrl: 88043
 Local DF areas: ['SW']

Num chunks: 21
Skipped 0.
Num chunks: 19
Skipped 0.
Num chunks: 21
Skipped 0.
Num chunks: 21
Skipped 0.
Num chunks: 22
Skipped 0.
Num chunks: 20
Skipped 0.
Num chunks: 22
Skipped 0.
Num chunks: 19
Skipped 0.
Num chunks: 21
Skipped 0.
Num chunks: 20
Skipped 0.
Num chunks: 21
Skipped 0.
Num chunks: 21
Skipped 0.
Num chunks: 19
Skipped 0.
Num chunks: 20
Skipped 0.
Num chunks: 16
Skipped 0.
Num chunks: 16
Skipped 0.
Num chunks: 16
Skipped 0.
Num chunks: 16
Skipped 0.
Num chunks: 16
Skipped 0.
Num chunks: 16
Skipped 0.
[18]: Error -- [KeyError('const'), KeyError('const'), KeyError('const'), KeyError('const')]
[17]: Error -- [KeyError('const')]
[10]: Error -- [KeyError('const')]
[2]: Error -- [KeyError('const')]
[4]: Error -- [KeyError('const')]
[3]: Error -- [KeyError('const')]
[5]: Error -- [KeyError('const')]
[1]: Error -- [KeyError('const')]
[0]: Error -- [KeyError('const'), KeyError('const')]
Bootstrap iter 93
==========


[11/20]:

Num Ext: 7365
Num Ctrl: 51109
 Local DF areas: ['BH', 'CB', 'LD', 'SP', 'TA', 'WA']

[1/20]:

Num Ext: 7362
Num Ctrl: 88059
 Local DF areas: ['SW']

[17/20]:

Num Ext: 7367
Num Ctrl: 81891
 Local DF areas: ['LN', 'NR', 'RH', 'RM', 'S', 'TD', 'TN', 'WV']

[18/20]:

Num Ext: 7360
Num Ctrl: 82018
 Local DF areas: ['CA', 'CR', 'CV', 'NN', 'PE', 'PR', 'RG']

[4/20]:

Num Ext: 7365
Num Ctrl: 93645
 Local DF areas: ['AL', 'BN', 'CH', 'LL', 'ME', 'OL', 'SL', 'ST']

[3/20]:

Num Ext: 7362
Num Ctrl: 47442
 Local DF areas: ['BN']

[10/20]:

Num Ext: 7376
Num Ctrl: 134029
 Local DF areas: ['CW', 'DH', 'DL', 'EC', 'GU', 'MK', 'N', 'SG', 'SO']

[19/20]:

Num Ext: 7366
Num Ctrl: 73762
 Local DF areas: ['HR', 'IP', 'PO', 'SM', 'SN', 'TF', 'WD']

[16/20]:

Num Ext: 7355
Num Ctrl: 67394
 Local DF areas: ['CF', 'CT', 'DN', 'HU', 'KT', 'LE', 'PL']

[7/20]:

Num Ext: 7362
Num Ctrl: 41476
 Local DF areas: ['W']

[8/20]:

Num Ext: 7376
Num Ctrl: 116965
 Local DF areas: ['BL', 'BS', 'DE', 'EN', 'HP', 'LU', 'NP', 'OX', 'W']

[14/20]:

Num Ext: 7356
Num Ctrl: 90700
 Local DF areas: ['B', 'CM', 'DT', 'EX', 'M', 'SR', 'TR', 'WN']

[15/20]:

Num Ext: 7357
Num Ctrl: 66660
 Local DF areas: ['DY', 'HX', 'LA', 'NE', 'TQ', 'TS', 'TW', 'UB']

[12/20]:

Num Ext: 7358
Num Ctrl: 48803
 Local DF areas: ['BD', 'HG', 'NW', 'WR', 'WS']

[13/20]:

Num Ext: 7364
Num Ctrl: 83735
 Local DF areas: ['E', 'HD', 'IG', 'NG', 'SK', 'YO']

[9/20]:

Num Ext: 7362
Num Ctrl: 53086
 Local DF areas: ['N']

[6/20]:

Num Ext: 7359
Num Ctrl: 131961
 Local DF areas: ['BA', 'BB', 'BR', 'CO', 'DA', 'FY', 'L', 'LS', 'SE']

[2/20]:

Num Ext: 7359
Num Ctrl: 140328
 Local DF areas: ['GL', 'HA', 'SA', 'SS', 'SW', 'SY', 'WC', 'WF']

[5/20]:

Num Ext: 7362
Num Ctrl: 67431
 Local DF areas: ['SE']

[0/20]:

Num Ext: 7362
Num Ctrl: 88059
 Local DF areas: ['SW']

Num chunks: 21
Skipped 0.
Num chunks: 20
Skipped 0.
Num chunks: 21
Skipped 0.
Num chunks: 21
Skipped 0.
Num chunks: 20
Skipped 0.
Num chunks: 22
Skipped 0.
Num chunks: 21
Skipped 0.
Num chunks: 20
Skipped 0.
Num chunks: 20
Skipped 0.
Num chunks: 22
Skipped 0.
Num chunks: 21
Skipped 0.
Num chunks: 19
Skipped 0.
Num chunks: 20
Skipped 0.
Num chunks: 21
Skipped 0.
Num chunks: 16
Skipped 0.
Num chunks: 16
Skipped 0.
Num chunks: 16
Skipped 0.
Num chunks: 16
Skipped 0.
Num chunks: 16
Skipped 0.
Num chunks: 16
Skipped 0.
[19]: Error -- [KeyError('const')]
[18]: Error -- [KeyError('const')]
[12]: Error -- [KeyError('const'), KeyError('const'), KeyError('const')]
[6]: Error -- [KeyError('const')]
[2]: Error -- [KeyError('const')]
[4]: Error -- [KeyError('const')]
[7]: Error -- [KeyError('const'), KeyError('const'), KeyError('const')]
[9]: Error -- [KeyError('const'), KeyError('const'), KeyError('const'), KeyError('const')]
[3]: Error -- [KeyError('const')]
[5]: Error -- [KeyError('const')]
[1]: Error -- [KeyError('const')]
[0]: Error -- [KeyError('const'), KeyError('const')]
Bootstrap iter 94
==========


[11/20]:

Num Ext: 7365
Num Ctrl: 50778
 Local DF areas: ['BH', 'CH', 'LN', 'OL', 'S', 'WR']

[17/20]:

Num Ext: 7361
Num Ctrl: 65111
 Local DF areas: ['DE', 'RH', 'TN', 'TS', 'UB', 'WC', 'WV']

[7/20]:

Num Ext: 7358
Num Ctrl: 41602
 Local DF areas: ['W']

[1/20]:

Num Ext: 7358
Num Ctrl: 87885
 Local DF areas: ['SW']

[18/20]:

Num Ext: 7355
Num Ctrl: 81020
 Local DF areas: ['CR', 'HU', 'L', 'PE', 'RG', 'SK', 'WD']

[19/20]:

Num Ext: 7355
Num Ctrl: 80443
 Local DF areas: ['CV', 'DY', 'HX', 'MK', 'PO', 'SM', 'TR', 'WA']

[3/20]:

Num Ext: 7358
Num Ctrl: 47652
 Local DF areas: ['BN']

[2/20]:

Num Ext: 7363
Num Ctrl: 145151
 Local DF areas: ['BR', 'CM', 'DN', 'DT', 'GL', 'LA', 'SW', 'WS']

[8/20]:

Num Ext: 7359
Num Ctrl: 109973
 Local DF areas: ['CF', 'DA', 'EN', 'FY', 'HR', 'M', 'SA', 'W']

[5/20]:

Num Ext: 7358
Num Ctrl: 67796
 Local DF areas: ['SE']

[10/20]:

Num Ext: 7359
Num Ctrl: 133450
 Local DF areas: ['CO', 'CW', 'GU', 'IG', 'IP', 'N', 'NP', 'SO', 'TD']

[16/20]:

Num Ext: 7360
Num Ctrl: 78882
 Local DF areas: ['CA', 'HP', 'NR', 'RM', 'SN', 'SR', 'TW']

[6/20]:

Num Ext: 7356
Num Ctrl: 127040
 Local DF areas: ['BB', 'EX', 'HA', 'PR', 'SE', 'SS', 'SY', 'TQ', 'YO']

[14/20]:

Num Ext: 7358
Num Ctrl: 86582
 Local DF areas: ['B', 'BA', 'LS', 'NG', 'NN', 'SL', 'TF']

[12/20]:

Num Ext: 7356
Num Ctrl: 53142
 Local DF areas: ['DL', 'HG', 'LU', 'NW', 'SP', 'ST', 'WN']

[13/20]:

Num Ext: 7366
Num Ctrl: 84319
 Local DF areas: ['BL', 'E', 'EC', 'HD', 'ME', 'OX', 'TA']

[15/20]:

Num Ext: 7357
Num Ctrl: 74496
 Local DF areas: ['BD', 'CB', 'KT', 'LE', 'LL', 'NE', 'SG']

[9/20]:

Num Ext: 7358
Num Ctrl: 52952
 Local DF areas: ['N']

[4/20]:

Num Ext: 7359
Num Ctrl: 92691
 Local DF areas: ['AL', 'BN', 'BS', 'CT', 'DH', 'LD', 'PL', 'WF']

[0/20]:

Num Ext: 7358
Num Ctrl: 87885
 Local DF areas: ['SW']

Num chunks: 20
Skipped 0.
Num chunks: 21
Skipped 0.
Num chunks: 20
Skipped 0.
Num chunks: 20
Skipped 0.
Num chunks: 21
Skipped 0.
Num chunks: 20
Skipped 0.
Num chunks: 21
Skipped 0.
Num chunks: 21
Skipped 0.
Num chunks: 20
Skipped 0.
Num chunks: 21
Skipped 0.
Num chunks: 21
Skipped 0.
Num chunks: 21
Skipped 0.
Num chunks: 20
Skipped 0.
Num chunks: 20
Skipped 0.
Num chunks: 16
Skipped 0.
Num chunks: 16
Skipped 0.
Num chunks: 16
Skipped 0.
Num chunks: 16
Skipped 0.
Num chunks: 16
Skipped 0.
Num chunks: 16
Skipped 0.
[19]: Error -- [KeyError('const')]
[18]: Error -- [KeyError('const'), KeyError('const'), KeyError('const'), KeyError('const')]
[17]: Error -- [KeyError('const')]
[8]: Error -- [KeyError('const')]
[15]: Error -- [KeyError('const'), KeyError('const')]
[16]: Error -- [KeyError('const'), KeyError('const')]
[11]: Error -- [KeyError('const'), KeyError('const')]
[9]: Error -- [KeyError('const')]
[5]: Error -- [KeyError('const')]
[1]: Error -- [KeyError('const')]
[0]: Error -- [KeyError('const')]
Bootstrap iter 95
==========


[11/20]:

Num Ext: 7356
Num Ctrl: 48970
 Local DF areas: ['BH', 'DH', 'LU', 'TF', 'WN', 'WS']

[1/20]:

Num Ext: 7359
Num Ctrl: 87459
 Local DF areas: ['SW']

[7/20]:

Num Ext: 7359
Num Ctrl: 41390
 Local DF areas: ['W']

[16/20]:

Num Ext: 7359
Num Ctrl: 68744
 Local DF areas: ['AL', 'CO', 'CT', 'DT', 'KT', 'SY', 'WA']

[19/20]:

Num Ext: 7357
Num Ctrl: 71002
 Local DF areas: ['HG', 'HX', 'LN', 'PL', 'PO', 'SM', 'WD', 'YO']

[18/20]:

Num Ext: 7356
Num Ctrl: 74328
 Local DF areas: ['CR', 'CV', 'LA', 'NG', 'NP', 'RG', 'SP']

[2/20]:

Num Ext: 7359
Num Ctrl: 144642
 Local DF areas: ['BR', 'CA', 'FY', 'LS', 'SA', 'SO', 'SW', 'TQ']

[17/20]:

Num Ext: 7359
Num Ctrl: 77467
 Local DF areas: ['BB', 'DL', 'L', 'MK', 'RH', 'TN', 'UB', 'WV']

[8/20]:

Num Ext: 7360
Num Ctrl: 107098
 Local DF areas: ['BA', 'CF', 'EN', 'HD', 'PE', 'SK', 'SL', 'W']

[6/20]:

Num Ext: 7356
Num Ctrl: 141259
 Local DF areas: ['BS', 'CM', 'EX', 'HA', 'S', 'SE', 'SN', 'WF']

[5/20]:

Num Ext: 7359
Num Ctrl: 67181
 Local DF areas: ['SE']

[4/20]:

Num Ext: 7367
Num Ctrl: 107075
 Local DF areas: ['BN', 'DN', 'HP', 'HU', 'LE', 'NR', 'OL', 'RM']

[10/20]:

Num Ext: 7368
Num Ctrl: 129504
 Local DF areas: ['CW', 'DA', 'GU', 'IG', 'IP', 'ME', 'N', 'ST', 'TR']

[3/20]:

Num Ext: 7359
Num Ctrl: 47285
 Local DF areas: ['BN']

[15/20]:

Num Ext: 7358
Num Ctrl: 71402
 Local DF areas: ['CB', 'DY', 'HR', 'LD', 'NE', 'PR', 'SG', 'TW']

[14/20]:

Num Ext: 7367
Num Ctrl: 79271
 Local DF areas: ['B', 'GL', 'LL', 'NN', 'SR', 'SS', 'TD', 'WC']

[9/20]:

Num Ext: 7359
Num Ctrl: 52903
 Local DF areas: ['N']

[12/20]:

Num Ext: 7359
Num Ctrl: 50969
 Local DF areas: ['DE', 'EC', 'NW', 'TA', 'WR']

[13/20]:

Num Ext: 7362
Num Ctrl: 91327
 Local DF areas: ['BD', 'BL', 'CH', 'E', 'M', 'OX', 'TS']

[0/20]:

Num Ext: 7359
Num Ctrl: 87459
 Local DF areas: ['SW']

Num chunks: 21
Skipped 0.
Num chunks: 20
Skipped 0.
Num chunks: 22
Skipped 0.
Num chunks: 21
Skipped 0.
Num chunks: 22
Skipped 0.
Num chunks: 20
Skipped 0.
Num chunks: 21
Skipped 0.
Num chunks: 20
Skipped 0.
Num chunks: 20
Skipped 0.
Num chunks: 20
Skipped 0.
Num chunks: 21
Skipped 0.
Num chunks: 19
Skipped 0.
Num chunks: 20
Skipped 0.
Num chunks: 20
Skipped 0.
Num chunks: 16
Skipped 0.
Num chunks: 16
Skipped 0.
Num chunks: 16
Skipped 0.
Num chunks: 16
Skipped 0.
Num chunks: 16
Skipped 0.
Num chunks: 16
Skipped 0.
[19]: Error -- [KeyError('const'), KeyError('const')]
[14]: Error -- [KeyError('const'), KeyError('const'), KeyError('const')]
[17]: Error -- [KeyError('const'), KeyError('const'), KeyError('const')]
[15]: Error -- [KeyError('const'), KeyError('const')]
[11]: Error -- [KeyError('const'), KeyError('const'), KeyError('const')]
[10]: Error -- [KeyError('const')]
[12]: Error -- [KeyError('const')]
[4]: Error -- [KeyError('const')]
[3]: Error -- [KeyError('const')]
[9]: Error -- [KeyError('const'), KeyError('const')]
[1]: Error -- [KeyError('const')]
Bootstrap iter 96
==========


[11/20]:

Num Ext: 7375
Num Ctrl: 57459
 Local DF areas: ['BH', 'BS', 'DH', 'LA', 'ME']

[1/20]:

Num Ext: 7380
Num Ctrl: 88231
 Local DF areas: ['SW']

[7/20]:

Num Ext: 7380
Num Ctrl: 41117
 Local DF areas: ['W']

[16/20]:

Num Ext: 7387
Num Ctrl: 69421
 Local DF areas: ['CA', 'CT', 'KT', 'LN', 'OL', 'RM', 'TQ', 'WV']

[10/20]:

Num Ext: 7375
Num Ctrl: 134721
 Local DF areas: ['BD', 'CF', 'GU', 'L', 'LE', 'N', 'NE', 'NR']

[19/20]:

Num Ext: 7377
Num Ctrl: 79054
 Local DF areas: ['CH', 'DE', 'DN', 'MK', 'PO', 'SM', 'WD', 'WN']

[2/20]:

Num Ext: 7381
Num Ctrl: 148054
 Local DF areas: ['DA', 'HA', 'HU', 'NN', 'OX', 'SW', 'TS', 'WC']

[8/20]:

Num Ext: 7387
Num Ctrl: 106268
 Local DF areas: ['AL', 'BA', 'BL', 'EN', 'HD', 'HG', 'PL', 'SO', 'W']

[15/20]:

Num Ext: 7379
Num Ctrl: 69818
 Local DF areas: ['BB', 'CB', 'EC', 'HP', 'SG', 'ST', 'TF', 'TW']

[4/20]:

Num Ext: 7379
Num Ctrl: 95590
 Local DF areas: ['BN', 'FY', 'LD', 'PE', 'S', 'SA', 'SL', 'UB']

[14/20]:

Num Ext: 7383
Num Ctrl: 89564
 Local DF areas: ['B', 'CM', 'DY', 'LS', 'NG', 'PR', 'TA', 'TD']

[18/20]:

Num Ext: 7378
Num Ctrl: 79544
 Local DF areas: ['CO', 'CR', 'CV', 'NP', 'RG', 'SP', 'WA']

[17/20]:

Num Ext: 7380
Num Ctrl: 67389
 Local DF areas: ['DT', 'IG', 'LL', 'LU', 'RH', 'SR', 'TN']

[12/20]:

Num Ext: 7378
Num Ctrl: 52180
 Local DF areas: ['NW', 'TR', 'WR', 'WS', 'YO']

[6/20]:

Num Ext: 7395
Num Ctrl: 135112
 Local DF areas: ['BR', 'CW', 'DL', 'GL', 'M', 'SE', 'SK', 'SS', 'SY']

[13/20]:

Num Ext: 7377
Num Ctrl: 78470
 Local DF areas: ['E', 'EX', 'HR', 'HX', 'IP', 'SN', 'WF']

[3/20]:

Num Ext: 7380
Num Ctrl: 47649
 Local DF areas: ['BN']

[5/20]:

Num Ext: 7380
Num Ctrl: 68068
 Local DF areas: ['SE']

[9/20]:

Num Ext: 7380
Num Ctrl: 52722
 Local DF areas: ['N']

[0/20]:

Num Ext: 7380
Num Ctrl: 88231
 Local DF areas: ['SW']

Num chunks: 20
Skipped 0.
Num chunks: 21
Skipped 0.
Num chunks: 20
Skipped 0.
Num chunks: 21
Skipped 0.
Num chunks: 21
Skipped 0.
Num chunks: 20
Skipped 0.
Num chunks: 21
Skipped 0.
Num chunks: 22
Skipped 0.
Num chunks: 19
Skipped 0.
Num chunks: 21
Skipped 0.
Num chunks: 21
Skipped 0.
Num chunks: 19
Skipped 0.
Num chunks: 20
Skipped 0.
Num chunks: 21
Skipped 0.
Num chunks: 16
Skipped 0.
Num chunks: 16
Skipped 0.
Num chunks: 16
Skipped 0.
Num chunks: 16
Skipped 0.
Num chunks: 16
Skipped 0.
Num chunks: 16
Skipped 0.
[19]: Error -- [KeyError('const'), KeyError('const')]
[17]: Error -- [KeyError('const'), KeyError('const')]
[16]: Error -- [KeyError('const'), KeyError('const')]
[14]: Error -- [KeyError('const'), KeyError('const'), KeyError('const')]
[8]: Error -- [KeyError('const'), KeyError('const')]
[12]: Error -- [KeyError('const'), KeyError('const'), KeyError('const'), KeyError('const')]
[6]: Error -- [KeyError('const'), KeyError('const'), KeyError('const')]
[10]: Error -- [KeyError('const')]
[15]: Error -- [KeyError('const')]
[2]: Error -- [KeyError('const')]
[4]: Error -- [KeyError('const')]
[7]: Error -- [KeyError('const'), KeyError('const')]
[9]: Error -- [KeyError('const')]
[3]: Error -- [KeyError('const')]
[1]: Error -- [KeyError('const'), KeyError('const'), KeyError('const')]
[0]: Error -- [KeyError('const'), KeyError('const'), KeyError('const')]
Bootstrap iter 97
==========


[11/20]:

Num Ext: 7353
Num Ctrl: 52463
 Local DF areas: ['BH', 'CA', 'CO', 'DL', 'IP', 'TD']

[16/20]:

Num Ext: 7347
Num Ctrl: 59186
 Local DF areas: ['BB', 'CF', 'CT', 'EC', 'KT', 'SR', 'TF', 'WC']

[17/20]:

Num Ext: 7357
Num Ctrl: 70707
 Local DF areas: ['AL', 'DT', 'HU', 'ME', 'RH', 'ST', 'TN']

[1/20]:

Num Ext: 7352
Num Ctrl: 87801
 Local DF areas: ['SW']

[3/20]:

Num Ext: 7352
Num Ctrl: 47851
 Local DF areas: ['BN']

[2/20]:

Num Ext: 7363
Num Ctrl: 154244
 Local DF areas: ['BA', 'BL', 'BR', 'CM', 'GL', 'HD', 'NR', 'SK', 'SW']

[10/20]:

Num Ext: 7348
Num Ctrl: 137388
 Local DF areas: ['DE', 'GU', 'N', 'NE', 'NP', 'PE', 'RM', 'SN']

[18/20]:

Num Ext: 7352
Num Ctrl: 88256
 Local DF areas: ['CV', 'LE', 'M', 'PO', 'SM', 'TS', 'WA']

[19/20]:

Num Ext: 7350
Num Ctrl: 73472
 Local DF areas: ['BD', 'CR', 'HX', 'PL', 'RG', 'SY', 'WD', 'YO']

[8/20]:

Num Ext: 7347
Num Ctrl: 104542
 Local DF areas: ['DN', 'EN', 'LL', 'LU', 'OX', 'SL', 'SP', 'W']

[9/20]:

Num Ext: 7352
Num Ctrl: 52970
 Local DF areas: ['N']

[14/20]:

Num Ext: 7349
Num Ctrl: 87665
 Local DF areas: ['B', 'DA', 'HG', 'LS', 'MK', 'NN', 'OL', 'WF']

[13/20]:

Num Ext: 7351
Num Ctrl: 80019
 Local DF areas: ['CB', 'DY', 'E', 'IG', 'LA', 'TA']

[6/20]:

Num Ext: 7356
Num Ctrl: 128208
 Local DF areas: ['EX', 'FY', 'HA', 'LD', 'S', 'SE', 'SS', 'TQ', 'WV']

[7/20]:

Num Ext: 7352
Num Ctrl: 41540
 Local DF areas: ['W']

[12/20]:

Num Ext: 7349
Num Ctrl: 49007
 Local DF areas: ['HR', 'NW', 'TR', 'WN', 'WR', 'WS']

[4/20]:

Num Ext: 7359
Num Ctrl: 102448
 Local DF areas: ['BN', 'BS', 'CW', 'HP', 'L', 'LN', 'SA', 'UB']

[5/20]:

Num Ext: 7352
Num Ctrl: 68031
 Local DF areas: ['SE']

[15/20]:

Num Ext: 7348
Num Ctrl: 75609
 Local DF areas: ['CH', 'DH', 'NG', 'PR', 'SG', 'SO', 'TW']

[0/20]:

Num Ext: 7352
Num Ctrl: 87801
 Local DF areas: ['SW']

Num chunks: 20
Skipped 0.
Num chunks: 22
Skipped 0.
Num chunks: 21
Skipped 0.
Num chunks: 19
Skipped 0.
Num chunks: 20
Skipped 0.
Num chunks: 21
Skipped 0.
Num chunks: 20
Skipped 0.
Num chunks: 20
Skipped 0.
Num chunks: 20
Skipped 0.
Num chunks: 20
Skipped 0.
Num chunks: 21
Skipped 0.
Num chunks: 20
Skipped 0.
Num chunks: 20
Skipped 0.
Num chunks: 21
Skipped 0.
Num chunks: 16
Skipped 0.
Num chunks: 16
Skipped 0.
Num chunks: 16
Skipped 0.
Num chunks: 16
Skipped 0.
Num chunks: 16
Skipped 0.
Num chunks: 16
Skipped 0.
[16]: Error -- [KeyError('const'), KeyError('const')]
[19]: Error -- [KeyError('const')]
[15]: Error -- [KeyError('const'), KeyError('const'), KeyError('const')]
[12]: Error -- [KeyError('const'), KeyError('const')]
[4]: Error -- [KeyError('const'), KeyError('const')]
[9]: Error -- [KeyError('const')]
[3]: Error -- [KeyError('const')]
[5]: Error -- [KeyError('const'), KeyError('const')]
